{"/home/joebuslife/school/Jobly-CumProj2-React/jobly/app.js": {"path":"/home/joebuslife/school/Jobly-CumProj2-React/jobly/app.js","statementMap":{"0":{"start":{"line":5,"column":16},"end":{"line":5,"column":34}},"1":{"start":{"line":6,"column":13},"end":{"line":6,"column":28}},"2":{"start":{"line":8,"column":26},"end":{"line":8,"column":51}},"3":{"start":{"line":10,"column":28},"end":{"line":10,"column":56}},"4":{"start":{"line":11,"column":19},"end":{"line":11,"column":43}},"5":{"start":{"line":12,"column":24},"end":{"line":12,"column":53}},"6":{"start":{"line":13,"column":20},"end":{"line":13,"column":45}},"7":{"start":{"line":14,"column":19},"end":{"line":14,"column":43}},"8":{"start":{"line":16,"column":15},"end":{"line":16,"column":32}},"9":{"start":{"line":18,"column":12},"end":{"line":18,"column":21}},"10":{"start":{"line":20,"column":0},"end":{"line":20,"column":16}},"11":{"start":{"line":21,"column":0},"end":{"line":21,"column":24}},"12":{"start":{"line":22,"column":0},"end":{"line":22,"column":24}},"13":{"start":{"line":23,"column":0},"end":{"line":23,"column":25}},"14":{"start":{"line":25,"column":0},"end":{"line":25,"column":29}},"15":{"start":{"line":26,"column":0},"end":{"line":26,"column":39}},"16":{"start":{"line":27,"column":0},"end":{"line":27,"column":31}},"17":{"start":{"line":28,"column":0},"end":{"line":28,"column":29}},"18":{"start":{"line":32,"column":0},"end":{"line":34,"column":3}},"19":{"start":{"line":33,"column":2},"end":{"line":33,"column":35}},"20":{"start":{"line":37,"column":0},"end":{"line":45,"column":3}},"21":{"start":{"line":38,"column":2},"end":{"line":38,"column":64}},"22":{"start":{"line":38,"column":39},"end":{"line":38,"column":64}},"23":{"start":{"line":39,"column":17},"end":{"line":39,"column":34}},"24":{"start":{"line":40,"column":18},"end":{"line":40,"column":29}},"25":{"start":{"line":42,"column":2},"end":{"line":44,"column":5}},"26":{"start":{"line":47,"column":0},"end":{"line":47,"column":21}}},"fnMap":{"0":{"name":"(anonymous_0)","decl":{"start":{"line":32,"column":8},"end":{"line":32,"column":9}},"loc":{"start":{"line":32,"column":34},"end":{"line":34,"column":1}},"line":32},"1":{"name":"(anonymous_1)","decl":{"start":{"line":37,"column":8},"end":{"line":37,"column":9}},"loc":{"start":{"line":37,"column":39},"end":{"line":45,"column":1}},"line":37}},"branchMap":{"0":{"loc":{"start":{"line":38,"column":2},"end":{"line":38,"column":64}},"type":"if","locations":[{"start":{"line":38,"column":2},"end":{"line":38,"column":64}},{"start":{},"end":{}}],"line":38},"1":{"loc":{"start":{"line":39,"column":17},"end":{"line":39,"column":34}},"type":"binary-expr","locations":[{"start":{"line":39,"column":17},"end":{"line":39,"column":27}},{"start":{"line":39,"column":31},"end":{"line":39,"column":34}}],"line":39}},"s":{"0":5,"1":5,"2":5,"3":5,"4":5,"5":5,"6":5,"7":5,"8":5,"9":5,"10":5,"11":5,"12":5,"13":5,"14":5,"15":5,"16":5,"17":5,"18":5,"19":2,"20":5,"21":62,"22":1,"23":62,"24":62,"25":62,"26":5},"f":{"0":2,"1":62},"b":{"0":[1,61],"1":[62,3]},"_coverageSchema":"1a1c01bbd47fc00a2c39e90264f33305004495a9","hash":"7290fb7a33f678a871847ee72ec29b056949ff84"}
,"/home/joebuslife/school/Jobly-CumProj2-React/jobly/config.js": {"path":"/home/joebuslife/school/Jobly-CumProj2-React/jobly/config.js","statementMap":{"0":{"start":{"line":5,"column":0},"end":{"line":5,"column":27}},"1":{"start":{"line":6,"column":0},"end":{"line":6,"column":18}},"2":{"start":{"line":8,"column":19},"end":{"line":8,"column":57}},"3":{"start":{"line":10,"column":13},"end":{"line":10,"column":38}},"4":{"start":{"line":14,"column":2},"end":{"line":16,"column":44}},"5":{"start":{"line":22,"column":27},"end":{"line":22,"column":67}},"6":{"start":{"line":24,"column":0},"end":{"line":24,"column":35}},"7":{"start":{"line":25,"column":0},"end":{"line":25,"column":46}},"8":{"start":{"line":26,"column":0},"end":{"line":26,"column":45}},"9":{"start":{"line":27,"column":0},"end":{"line":27,"column":61}},"10":{"start":{"line":28,"column":0},"end":{"line":28,"column":50}},"11":{"start":{"line":29,"column":0},"end":{"line":29,"column":19}},"12":{"start":{"line":31,"column":0},"end":{"line":36,"column":2}}},"fnMap":{"0":{"name":"getDatabaseUri","decl":{"start":{"line":13,"column":9},"end":{"line":13,"column":23}},"loc":{"start":{"line":13,"column":26},"end":{"line":17,"column":1}},"line":13}},"branchMap":{"0":{"loc":{"start":{"line":8,"column":19},"end":{"line":8,"column":57}},"type":"binary-expr","locations":[{"start":{"line":8,"column":19},"end":{"line":8,"column":41}},{"start":{"line":8,"column":45},"end":{"line":8,"column":57}}],"line":8},"1":{"loc":{"start":{"line":10,"column":13},"end":{"line":10,"column":38}},"type":"binary-expr","locations":[{"start":{"line":10,"column":13},"end":{"line":10,"column":30}},{"start":{"line":10,"column":34},"end":{"line":10,"column":38}}],"line":10},"2":{"loc":{"start":{"line":14,"column":9},"end":{"line":16,"column":43}},"type":"cond-expr","locations":[{"start":{"line":15,"column":8},"end":{"line":15,"column":20}},{"start":{"line":16,"column":8},"end":{"line":16,"column":43}}],"line":14},"3":{"loc":{"start":{"line":16,"column":8},"end":{"line":16,"column":43}},"type":"binary-expr","locations":[{"start":{"line":16,"column":8},"end":{"line":16,"column":32}},{"start":{"line":16,"column":36},"end":{"line":16,"column":43}}],"line":16},"4":{"loc":{"start":{"line":22,"column":27},"end":{"line":22,"column":67}},"type":"cond-expr","locations":[{"start":{"line":22,"column":61},"end":{"line":22,"column":62}},{"start":{"line":22,"column":65},"end":{"line":22,"column":67}}],"line":22}},"s":{"0":11,"1":11,"2":11,"3":11,"4":22,"5":11,"6":11,"7":11,"8":11,"9":11,"10":11,"11":11,"12":11},"f":{"0":22},"b":{"0":[11,10],"1":[11,10],"2":[19,3],"3":[3,1],"4":[10,1]},"_coverageSchema":"1a1c01bbd47fc00a2c39e90264f33305004495a9","hash":"d76aef684f3654173cad2ad6caa6a0e7cf8b97ac"}
,"/home/joebuslife/school/Jobly-CumProj2-React/jobly/db.js": {"path":"/home/joebuslife/school/Jobly-CumProj2-React/jobly/db.js","statementMap":{"0":{"start":{"line":3,"column":19},"end":{"line":3,"column":32}},"1":{"start":{"line":4,"column":27},"end":{"line":4,"column":46}},"2":{"start":{"line":8,"column":0},"end":{"line":19,"column":1}},"3":{"start":{"line":9,"column":2},"end":{"line":14,"column":5}},"4":{"start":{"line":16,"column":2},"end":{"line":18,"column":5}},"5":{"start":{"line":21,"column":0},"end":{"line":21,"column":13}},"6":{"start":{"line":23,"column":0},"end":{"line":23,"column":20}}},"fnMap":{},"branchMap":{"0":{"loc":{"start":{"line":8,"column":0},"end":{"line":19,"column":1}},"type":"if","locations":[{"start":{"line":8,"column":0},"end":{"line":19,"column":1}},{"start":{"line":15,"column":7},"end":{"line":19,"column":1}}],"line":8}},"s":{"0":8,"1":8,"2":8,"3":0,"4":8,"5":8,"6":8},"f":{},"b":{"0":[0,8]},"_coverageSchema":"1a1c01bbd47fc00a2c39e90264f33305004495a9","hash":"142b2935296372ad90705e6f48086daf3ea7a316"}
,"/home/joebuslife/school/Jobly-CumProj2-React/jobly/expressError.js": {"path":"/home/joebuslife/school/Jobly-CumProj2-React/jobly/expressError.js","statementMap":{"0":{"start":{"line":9,"column":4},"end":{"line":9,"column":12}},"1":{"start":{"line":10,"column":4},"end":{"line":10,"column":27}},"2":{"start":{"line":11,"column":4},"end":{"line":11,"column":25}},"3":{"start":{"line":19,"column":4},"end":{"line":19,"column":24}},"4":{"start":{"line":27,"column":4},"end":{"line":27,"column":24}},"5":{"start":{"line":35,"column":4},"end":{"line":35,"column":24}},"6":{"start":{"line":43,"column":4},"end":{"line":43,"column":24}},"7":{"start":{"line":47,"column":0},"end":{"line":53,"column":2}}},"fnMap":{"0":{"name":"(anonymous_0)","decl":{"start":{"line":8,"column":2},"end":{"line":8,"column":3}},"loc":{"start":{"line":8,"column":31},"end":{"line":12,"column":3}},"line":8},"1":{"name":"(anonymous_1)","decl":{"start":{"line":18,"column":2},"end":{"line":18,"column":3}},"loc":{"start":{"line":18,"column":37},"end":{"line":20,"column":3}},"line":18},"2":{"name":"(anonymous_2)","decl":{"start":{"line":26,"column":2},"end":{"line":26,"column":3}},"loc":{"start":{"line":26,"column":40},"end":{"line":28,"column":3}},"line":26},"3":{"name":"(anonymous_3)","decl":{"start":{"line":34,"column":2},"end":{"line":34,"column":3}},"loc":{"start":{"line":34,"column":39},"end":{"line":36,"column":3}},"line":34},"4":{"name":"(anonymous_4)","decl":{"start":{"line":42,"column":2},"end":{"line":42,"column":3}},"loc":{"start":{"line":42,"column":39},"end":{"line":44,"column":3}},"line":42}},"branchMap":{"0":{"loc":{"start":{"line":18,"column":14},"end":{"line":18,"column":35}},"type":"default-arg","locations":[{"start":{"line":18,"column":24},"end":{"line":18,"column":35}}],"line":18},"1":{"loc":{"start":{"line":26,"column":14},"end":{"line":26,"column":38}},"type":"default-arg","locations":[{"start":{"line":26,"column":24},"end":{"line":26,"column":38}}],"line":26},"2":{"loc":{"start":{"line":34,"column":14},"end":{"line":34,"column":37}},"type":"default-arg","locations":[{"start":{"line":34,"column":24},"end":{"line":34,"column":37}}],"line":34},"3":{"loc":{"start":{"line":42,"column":14},"end":{"line":42,"column":37}},"type":"default-arg","locations":[{"start":{"line":42,"column":24},"end":{"line":42,"column":37}}],"line":42}},"s":{"0":84,"1":84,"2":84,"3":24,"4":33,"5":27,"6":0,"7":10},"f":{"0":84,"1":24,"2":33,"3":27,"4":0},"b":{"0":[2],"1":[29],"2":[0],"3":[0]},"_coverageSchema":"1a1c01bbd47fc00a2c39e90264f33305004495a9","hash":"913d07ae6a80afede0dfd6a5db99a8e340279549"}
,"/home/joebuslife/school/Jobly-CumProj2-React/jobly/helpers/sql.js": {"path":"/home/joebuslife/school/Jobly-CumProj2-React/jobly/helpers/sql.js","statementMap":{"0":{"start":{"line":1,"column":28},"end":{"line":1,"column":54}},"1":{"start":{"line":12,"column":15},"end":{"line":12,"column":40}},"2":{"start":{"line":13,"column":2},"end":{"line":13,"column":62}},"3":{"start":{"line":13,"column":25},"end":{"line":13,"column":62}},"4":{"start":{"line":16,"column":15},"end":{"line":18,"column":3}},"5":{"start":{"line":17,"column":6},"end":{"line":17,"column":52}},"6":{"start":{"line":20,"column":2},"end":{"line":23,"column":4}},"7":{"start":{"line":35,"column":16},"end":{"line":35,"column":18}},"8":{"start":{"line":37,"column":1},"end":{"line":37,"column":42}},"9":{"start":{"line":37,"column":15},"end":{"line":37,"column":42}},"10":{"start":{"line":39,"column":22},"end":{"line":39,"column":24}},"11":{"start":{"line":40,"column":11},"end":{"line":40,"column":12}},"12":{"start":{"line":42,"column":1},"end":{"line":45,"column":2}},"13":{"start":{"line":43,"column":2},"end":{"line":43,"column":49}},"14":{"start":{"line":44,"column":2},"end":{"line":44,"column":35}},"15":{"start":{"line":46,"column":1},"end":{"line":49,"column":2}},"16":{"start":{"line":47,"column":2},"end":{"line":47,"column":49}},"17":{"start":{"line":48,"column":2},"end":{"line":48,"column":35}},"18":{"start":{"line":50,"column":1},"end":{"line":53,"column":2}},"19":{"start":{"line":51,"column":2},"end":{"line":51,"column":43}},"20":{"start":{"line":52,"column":2},"end":{"line":52,"column":34}},"21":{"start":{"line":55,"column":2},"end":{"line":58,"column":4}},"22":{"start":{"line":70,"column":16},"end":{"line":70,"column":18}},"23":{"start":{"line":72,"column":1},"end":{"line":72,"column":42}},"24":{"start":{"line":72,"column":15},"end":{"line":72,"column":42}},"25":{"start":{"line":74,"column":22},"end":{"line":74,"column":24}},"26":{"start":{"line":75,"column":11},"end":{"line":75,"column":12}},"27":{"start":{"line":77,"column":1},"end":{"line":80,"column":2}},"28":{"start":{"line":78,"column":2},"end":{"line":78,"column":44}},"29":{"start":{"line":79,"column":2},"end":{"line":79,"column":35}},"30":{"start":{"line":81,"column":1},"end":{"line":84,"column":2}},"31":{"start":{"line":82,"column":2},"end":{"line":82,"column":42}},"32":{"start":{"line":83,"column":2},"end":{"line":83,"column":32}},"33":{"start":{"line":85,"column":1},"end":{"line":87,"column":2}},"34":{"start":{"line":86,"column":2},"end":{"line":86,"column":32}},"35":{"start":{"line":88,"column":1},"end":{"line":91,"column":2}},"36":{"start":{"line":89,"column":2},"end":{"line":89,"column":48}},"37":{"start":{"line":90,"column":2},"end":{"line":90,"column":36}},"38":{"start":{"line":93,"column":1},"end":{"line":96,"column":4}},"39":{"start":{"line":99,"column":0},"end":{"line":99,"column":88}}},"fnMap":{"0":{"name":"sqlForPartialUpdate","decl":{"start":{"line":11,"column":9},"end":{"line":11,"column":28}},"loc":{"start":{"line":11,"column":52},"end":{"line":24,"column":1}},"line":11},"1":{"name":"(anonymous_1)","decl":{"start":{"line":16,"column":24},"end":{"line":16,"column":25}},"loc":{"start":{"line":17,"column":6},"end":{"line":17,"column":52}},"line":17},"2":{"name":"sqlForFilteringCompanies","decl":{"start":{"line":34,"column":9},"end":{"line":34,"column":33}},"loc":{"start":{"line":34,"column":43},"end":{"line":59,"column":1}},"line":34},"3":{"name":"sqlForFilteringJobs","decl":{"start":{"line":69,"column":9},"end":{"line":69,"column":28}},"loc":{"start":{"line":69,"column":38},"end":{"line":97,"column":1}},"line":69}},"branchMap":{"0":{"loc":{"start":{"line":13,"column":2},"end":{"line":13,"column":62}},"type":"if","locations":[{"start":{"line":13,"column":2},"end":{"line":13,"column":62}},{"start":{},"end":{}}],"line":13},"1":{"loc":{"start":{"line":17,"column":10},"end":{"line":17,"column":37}},"type":"binary-expr","locations":[{"start":{"line":17,"column":10},"end":{"line":17,"column":26}},{"start":{"line":17,"column":30},"end":{"line":17,"column":37}}],"line":17},"2":{"loc":{"start":{"line":37,"column":1},"end":{"line":37,"column":42}},"type":"if","locations":[{"start":{"line":37,"column":1},"end":{"line":37,"column":42}},{"start":{},"end":{}}],"line":37},"3":{"loc":{"start":{"line":42,"column":1},"end":{"line":45,"column":2}},"type":"if","locations":[{"start":{"line":42,"column":1},"end":{"line":45,"column":2}},{"start":{},"end":{}}],"line":42},"4":{"loc":{"start":{"line":46,"column":1},"end":{"line":49,"column":2}},"type":"if","locations":[{"start":{"line":46,"column":1},"end":{"line":49,"column":2}},{"start":{},"end":{}}],"line":46},"5":{"loc":{"start":{"line":50,"column":1},"end":{"line":53,"column":2}},"type":"if","locations":[{"start":{"line":50,"column":1},"end":{"line":53,"column":2}},{"start":{},"end":{}}],"line":50},"6":{"loc":{"start":{"line":72,"column":1},"end":{"line":72,"column":42}},"type":"if","locations":[{"start":{"line":72,"column":1},"end":{"line":72,"column":42}},{"start":{},"end":{}}],"line":72},"7":{"loc":{"start":{"line":77,"column":1},"end":{"line":80,"column":2}},"type":"if","locations":[{"start":{"line":77,"column":1},"end":{"line":80,"column":2}},{"start":{},"end":{}}],"line":77},"8":{"loc":{"start":{"line":81,"column":1},"end":{"line":84,"column":2}},"type":"if","locations":[{"start":{"line":81,"column":1},"end":{"line":84,"column":2}},{"start":{},"end":{}}],"line":81},"9":{"loc":{"start":{"line":85,"column":1},"end":{"line":87,"column":2}},"type":"if","locations":[{"start":{"line":85,"column":1},"end":{"line":87,"column":2}},{"start":{},"end":{}}],"line":85},"10":{"loc":{"start":{"line":88,"column":1},"end":{"line":91,"column":2}},"type":"if","locations":[{"start":{"line":88,"column":1},"end":{"line":91,"column":2}},{"start":{},"end":{}}],"line":88}},"s":{"0":9,"1":21,"2":21,"3":3,"4":18,"5":39,"6":18,"7":10,"8":10,"9":4,"10":6,"11":6,"12":6,"13":4,"14":4,"15":6,"16":5,"17":5,"18":6,"19":4,"20":4,"21":6,"22":13,"23":13,"24":4,"25":9,"26":9,"27":9,"28":4,"29":4,"30":9,"31":5,"32":5,"33":9,"34":4,"35":9,"36":3,"37":3,"38":9,"39":9},"f":{"0":21,"1":39,"2":10,"3":13},"b":{"0":[3,18],"1":[39,24],"2":[4,6],"3":[4,2],"4":[5,1],"5":[4,2],"6":[4,9],"7":[4,5],"8":[5,4],"9":[4,5],"10":[3,6]},"_coverageSchema":"1a1c01bbd47fc00a2c39e90264f33305004495a9","hash":"9ff55dfee6e00cd774a7b8dea54749b04b2aa927"}
,"/home/joebuslife/school/Jobly-CumProj2-React/jobly/helpers/tokens.js": {"path":"/home/joebuslife/school/Jobly-CumProj2-React/jobly/helpers/tokens.js","statementMap":{"0":{"start":{"line":1,"column":12},"end":{"line":1,"column":35}},"1":{"start":{"line":2,"column":23},"end":{"line":2,"column":43}},"2":{"start":{"line":7,"column":2},"end":{"line":8,"column":58}},"3":{"start":{"line":10,"column":16},"end":{"line":13,"column":3}},"4":{"start":{"line":15,"column":2},"end":{"line":15,"column":39}},"5":{"start":{"line":18,"column":0},"end":{"line":18,"column":33}}},"fnMap":{"0":{"name":"createToken","decl":{"start":{"line":6,"column":9},"end":{"line":6,"column":20}},"loc":{"start":{"line":6,"column":27},"end":{"line":16,"column":1}},"line":6}},"branchMap":{"0":{"loc":{"start":{"line":12,"column":13},"end":{"line":12,"column":34}},"type":"binary-expr","locations":[{"start":{"line":12,"column":13},"end":{"line":12,"column":25}},{"start":{"line":12,"column":29},"end":{"line":12,"column":34}}],"line":12}},"s":{"0":6,"1":6,"2":15,"3":15,"4":15,"5":6},"f":{"0":15},"b":{"0":[15,9]},"_coverageSchema":"1a1c01bbd47fc00a2c39e90264f33305004495a9","hash":"4a228c26ee3cba501383457c1be22a270e19494d"}
,"/home/joebuslife/school/Jobly-CumProj2-React/jobly/middleware/auth.js": {"path":"/home/joebuslife/school/Jobly-CumProj2-React/jobly/middleware/auth.js","statementMap":{"0":{"start":{"line":5,"column":12},"end":{"line":5,"column":35}},"1":{"start":{"line":6,"column":23},"end":{"line":6,"column":43}},"2":{"start":{"line":7,"column":30},"end":{"line":7,"column":56}},"3":{"start":{"line":19,"column":2},"end":{"line":28,"column":3}},"4":{"start":{"line":20,"column":23},"end":{"line":20,"column":49}},"5":{"start":{"line":21,"column":4},"end":{"line":24,"column":5}},"6":{"start":{"line":22,"column":20},"end":{"line":22,"column":64}},"7":{"start":{"line":23,"column":6},"end":{"line":23,"column":54}},"8":{"start":{"line":25,"column":4},"end":{"line":25,"column":18}},"9":{"start":{"line":27,"column":4},"end":{"line":27,"column":18}},"10":{"start":{"line":38,"column":2},"end":{"line":43,"column":3}},"11":{"start":{"line":39,"column":4},"end":{"line":39,"column":56}},"12":{"start":{"line":39,"column":26},"end":{"line":39,"column":56}},"13":{"start":{"line":40,"column":4},"end":{"line":40,"column":18}},"14":{"start":{"line":42,"column":4},"end":{"line":42,"column":21}},"15":{"start":{"line":53,"column":2},"end":{"line":62,"column":3}},"16":{"start":{"line":54,"column":4},"end":{"line":58,"column":5}},"17":{"start":{"line":55,"column":6},"end":{"line":55,"column":20}},"18":{"start":{"line":57,"column":6},"end":{"line":57,"column":43}},"19":{"start":{"line":61,"column":4},"end":{"line":61,"column":41}},"20":{"start":{"line":72,"column":2},"end":{"line":81,"column":3}},"21":{"start":{"line":73,"column":4},"end":{"line":77,"column":5}},"22":{"start":{"line":74,"column":6},"end":{"line":74,"column":20}},"23":{"start":{"line":76,"column":6},"end":{"line":76,"column":43}},"24":{"start":{"line":80,"column":4},"end":{"line":80,"column":41}},"25":{"start":{"line":91,"column":2},"end":{"line":100,"column":3}},"26":{"start":{"line":92,"column":4},"end":{"line":96,"column":5}},"27":{"start":{"line":93,"column":6},"end":{"line":93,"column":20}},"28":{"start":{"line":95,"column":6},"end":{"line":95,"column":43}},"29":{"start":{"line":99,"column":4},"end":{"line":99,"column":41}},"30":{"start":{"line":104,"column":0},"end":{"line":110,"column":2}}},"fnMap":{"0":{"name":"authenticateJWT","decl":{"start":{"line":18,"column":9},"end":{"line":18,"column":24}},"loc":{"start":{"line":18,"column":41},"end":{"line":29,"column":1}},"line":18},"1":{"name":"ensureLoggedIn","decl":{"start":{"line":37,"column":9},"end":{"line":37,"column":23}},"loc":{"start":{"line":37,"column":40},"end":{"line":44,"column":1}},"line":37},"2":{"name":"ensureCorrectUser","decl":{"start":{"line":52,"column":9},"end":{"line":52,"column":26}},"loc":{"start":{"line":52,"column":43},"end":{"line":63,"column":1}},"line":52},"3":{"name":"ensureAdmin","decl":{"start":{"line":71,"column":9},"end":{"line":71,"column":20}},"loc":{"start":{"line":71,"column":37},"end":{"line":82,"column":1}},"line":71},"4":{"name":"ensureCorrectUserOrAdmin","decl":{"start":{"line":90,"column":9},"end":{"line":90,"column":33}},"loc":{"start":{"line":90,"column":50},"end":{"line":101,"column":1}},"line":90}},"branchMap":{"0":{"loc":{"start":{"line":21,"column":4},"end":{"line":24,"column":5}},"type":"if","locations":[{"start":{"line":21,"column":4},"end":{"line":24,"column":5}},{"start":{},"end":{}}],"line":21},"1":{"loc":{"start":{"line":39,"column":4},"end":{"line":39,"column":56}},"type":"if","locations":[{"start":{"line":39,"column":4},"end":{"line":39,"column":56}},{"start":{},"end":{}}],"line":39},"2":{"loc":{"start":{"line":54,"column":4},"end":{"line":58,"column":5}},"type":"if","locations":[{"start":{"line":54,"column":4},"end":{"line":58,"column":5}},{"start":{"line":56,"column":11},"end":{"line":58,"column":5}}],"line":54},"3":{"loc":{"start":{"line":73,"column":4},"end":{"line":77,"column":5}},"type":"if","locations":[{"start":{"line":73,"column":4},"end":{"line":77,"column":5}},{"start":{"line":75,"column":11},"end":{"line":77,"column":5}}],"line":73},"4":{"loc":{"start":{"line":92,"column":4},"end":{"line":96,"column":5}},"type":"if","locations":[{"start":{"line":92,"column":4},"end":{"line":96,"column":5}},{"start":{"line":94,"column":11},"end":{"line":96,"column":5}}],"line":92},"5":{"loc":{"start":{"line":92,"column":8},"end":{"line":92,"column":83}},"type":"binary-expr","locations":[{"start":{"line":92,"column":8},"end":{"line":92,"column":31}},{"start":{"line":92,"column":35},"end":{"line":92,"column":83}}],"line":92}},"s":{"0":6,"1":6,"2":6,"3":94,"4":94,"5":94,"6":56,"7":56,"8":93,"9":1,"10":2,"11":2,"12":1,"13":1,"14":1,"15":5,"16":5,"17":2,"18":2,"19":1,"20":41,"21":41,"22":25,"23":9,"24":7,"25":26,"26":26,"27":17,"28":4,"29":5,"30":6},"f":{"0":94,"1":2,"2":5,"3":41,"4":26},"b":{"0":[56,38],"1":[1,1],"2":[2,2],"3":[25,9],"4":[17,4],"5":[26,11]},"_coverageSchema":"1a1c01bbd47fc00a2c39e90264f33305004495a9","hash":"de00892a33b3e879dca3cd722388c640704c5b60"}
,"/home/joebuslife/school/Jobly-CumProj2-React/jobly/models/_testCommon.js": {"path":"/home/joebuslife/school/Jobly-CumProj2-React/jobly/models/_testCommon.js","statementMap":{"0":{"start":{"line":1,"column":15},"end":{"line":1,"column":32}},"1":{"start":{"line":3,"column":11},"end":{"line":3,"column":30}},"2":{"start":{"line":4,"column":31},"end":{"line":4,"column":51}},"3":{"start":{"line":6,"column":15},"end":{"line":6,"column":17}},"4":{"start":{"line":10,"column":2},"end":{"line":10,"column":42}},"5":{"start":{"line":12,"column":2},"end":{"line":12,"column":38}},"6":{"start":{"line":14,"column":2},"end":{"line":18,"column":55}},"7":{"start":{"line":20,"column":22},"end":{"line":27,"column":16}},"8":{"start":{"line":29,"column":1},"end":{"line":29,"column":38}},"9":{"start":{"line":31,"column":2},"end":{"line":43,"column":9}},"10":{"start":{"line":45,"column":1},"end":{"line":48,"column":19}},"11":{"start":{"line":52,"column":2},"end":{"line":52,"column":26}},"12":{"start":{"line":56,"column":2},"end":{"line":56,"column":29}},"13":{"start":{"line":60,"column":2},"end":{"line":60,"column":17}},"14":{"start":{"line":64,"column":0},"end":{"line":70,"column":2}}},"fnMap":{"0":{"name":"commonBeforeAll","decl":{"start":{"line":8,"column":15},"end":{"line":8,"column":30}},"loc":{"start":{"line":8,"column":33},"end":{"line":49,"column":1}},"line":8},"1":{"name":"commonBeforeEach","decl":{"start":{"line":51,"column":15},"end":{"line":51,"column":31}},"loc":{"start":{"line":51,"column":34},"end":{"line":53,"column":1}},"line":51},"2":{"name":"commonAfterEach","decl":{"start":{"line":55,"column":15},"end":{"line":55,"column":30}},"loc":{"start":{"line":55,"column":33},"end":{"line":57,"column":1}},"line":55},"3":{"name":"commonAfterAll","decl":{"start":{"line":59,"column":15},"end":{"line":59,"column":29}},"loc":{"start":{"line":59,"column":32},"end":{"line":61,"column":1}},"line":59}},"branchMap":{},"s":{"0":3,"1":3,"2":3,"3":3,"4":3,"5":3,"6":3,"7":3,"8":3,"9":3,"10":3,"11":44,"12":44,"13":3,"14":3},"f":{"0":3,"1":44,"2":44,"3":3},"b":{},"_coverageSchema":"1a1c01bbd47fc00a2c39e90264f33305004495a9","hash":"4bfa4cd39e319ed8f672d22fb6d21bc4b8ed8fe5"}
,"/home/joebuslife/school/Jobly-CumProj2-React/jobly/models/company.js": {"path":"/home/joebuslife/school/Jobly-CumProj2-React/jobly/models/company.js","statementMap":{"0":{"start":{"line":3,"column":11},"end":{"line":3,"column":27}},"1":{"start":{"line":4,"column":43},"end":{"line":4,"column":69}},"2":{"start":{"line":5,"column":58},"end":{"line":5,"column":83}},"3":{"start":{"line":20,"column":27},"end":{"line":24,"column":17}},"4":{"start":{"line":26,"column":4},"end":{"line":27,"column":64}},"5":{"start":{"line":27,"column":6},"end":{"line":27,"column":64}},"6":{"start":{"line":29,"column":19},"end":{"line":41,"column":5}},"7":{"start":{"line":42,"column":20},"end":{"line":42,"column":34}},"8":{"start":{"line":44,"column":4},"end":{"line":44,"column":19}},"9":{"start":{"line":53,"column":28},"end":{"line":53,"column":61}},"10":{"start":{"line":55,"column":25},"end":{"line":63,"column":39}},"11":{"start":{"line":64,"column":4},"end":{"line":64,"column":29}},"12":{"start":{"line":76,"column":23},"end":{"line":84,"column":17}},"13":{"start":{"line":86,"column":20},"end":{"line":86,"column":38}},"14":{"start":{"line":88,"column":4},"end":{"line":88,"column":67}},"15":{"start":{"line":88,"column":18},"end":{"line":88,"column":67}},"16":{"start":{"line":90,"column":4},"end":{"line":90,"column":19}},"17":{"start":{"line":106,"column":32},"end":{"line":111,"column":10}},"18":{"start":{"line":112,"column":25},"end":{"line":112,"column":50}},"19":{"start":{"line":114,"column":21},"end":{"line":121,"column":54}},"20":{"start":{"line":122,"column":19},"end":{"line":122,"column":64}},"21":{"start":{"line":123,"column":20},"end":{"line":123,"column":34}},"22":{"start":{"line":125,"column":4},"end":{"line":125,"column":67}},"23":{"start":{"line":125,"column":18},"end":{"line":125,"column":67}},"24":{"start":{"line":127,"column":4},"end":{"line":127,"column":19}},"25":{"start":{"line":136,"column":19},"end":{"line":141,"column":17}},"26":{"start":{"line":142,"column":20},"end":{"line":142,"column":34}},"27":{"start":{"line":144,"column":4},"end":{"line":144,"column":67}},"28":{"start":{"line":144,"column":18},"end":{"line":144,"column":67}},"29":{"start":{"line":149,"column":0},"end":{"line":149,"column":25}}},"fnMap":{"0":{"name":"(anonymous_0)","decl":{"start":{"line":19,"column":2},"end":{"line":19,"column":3}},"loc":{"start":{"line":19,"column":76},"end":{"line":45,"column":3}},"line":19},"1":{"name":"(anonymous_1)","decl":{"start":{"line":52,"column":2},"end":{"line":52,"column":3}},"loc":{"start":{"line":52,"column":32},"end":{"line":65,"column":3}},"line":52},"2":{"name":"(anonymous_2)","decl":{"start":{"line":75,"column":2},"end":{"line":75,"column":3}},"loc":{"start":{"line":75,"column":27},"end":{"line":91,"column":3}},"line":75},"3":{"name":"(anonymous_3)","decl":{"start":{"line":105,"column":2},"end":{"line":105,"column":3}},"loc":{"start":{"line":105,"column":36},"end":{"line":128,"column":3}},"line":105},"4":{"name":"(anonymous_4)","decl":{"start":{"line":135,"column":2},"end":{"line":135,"column":3}},"loc":{"start":{"line":135,"column":30},"end":{"line":145,"column":3}},"line":135}},"branchMap":{"0":{"loc":{"start":{"line":26,"column":4},"end":{"line":27,"column":64}},"type":"if","locations":[{"start":{"line":26,"column":4},"end":{"line":27,"column":64}},{"start":{},"end":{}}],"line":26},"1":{"loc":{"start":{"line":88,"column":4},"end":{"line":88,"column":67}},"type":"if","locations":[{"start":{"line":88,"column":4},"end":{"line":88,"column":67}},{"start":{},"end":{}}],"line":88},"2":{"loc":{"start":{"line":125,"column":4},"end":{"line":125,"column":67}},"type":"if","locations":[{"start":{"line":125,"column":4},"end":{"line":125,"column":67}},{"start":{},"end":{}}],"line":125},"3":{"loc":{"start":{"line":144,"column":4},"end":{"line":144,"column":67}},"type":"if","locations":[{"start":{"line":144,"column":4},"end":{"line":144,"column":67}},{"start":{},"end":{}}],"line":144}},"s":{"0":6,"1":6,"2":6,"3":16,"4":16,"5":1,"6":15,"7":15,"8":15,"9":7,"10":7,"11":6,"12":5,"13":5,"14":5,"15":2,"16":3,"17":6,"18":5,"19":5,"20":5,"21":5,"22":5,"23":2,"24":3,"25":4,"26":4,"27":4,"28":2,"29":6},"f":{"0":16,"1":7,"2":5,"3":6,"4":4},"b":{"0":[1,15],"1":[2,3],"2":[2,3],"3":[2,2]},"_coverageSchema":"1a1c01bbd47fc00a2c39e90264f33305004495a9","hash":"0866ec73b1e2fec1434deb886c209aa18ec03c38"}
,"/home/joebuslife/school/Jobly-CumProj2-React/jobly/models/job.js": {"path":"/home/joebuslife/school/Jobly-CumProj2-React/jobly/models/job.js","statementMap":{"0":{"start":{"line":3,"column":11},"end":{"line":3,"column":27}},"1":{"start":{"line":4,"column":43},"end":{"line":4,"column":69}},"2":{"start":{"line":5,"column":53},"end":{"line":5,"column":78}},"3":{"start":{"line":18,"column":17},"end":{"line":24,"column":3}},"4":{"start":{"line":25,"column":14},"end":{"line":25,"column":28}},"5":{"start":{"line":27,"column":2},"end":{"line":27,"column":13}},"6":{"start":{"line":36,"column":28},"end":{"line":36,"column":56}},"7":{"start":{"line":38,"column":20},"end":{"line":46,"column":40}},"8":{"start":{"line":47,"column":4},"end":{"line":47,"column":24}},"9":{"start":{"line":58,"column":19},"end":{"line":66,"column":13}},"10":{"start":{"line":68,"column":16},"end":{"line":68,"column":30}},"11":{"start":{"line":70,"column":4},"end":{"line":70,"column":63}},"12":{"start":{"line":70,"column":14},"end":{"line":70,"column":63}},"13":{"start":{"line":72,"column":4},"end":{"line":72,"column":15}},"14":{"start":{"line":88,"column":30},"end":{"line":88,"column":59}},"15":{"start":{"line":89,"column":19},"end":{"line":89,"column":44}},"16":{"start":{"line":91,"column":19},"end":{"line":98,"column":50}},"17":{"start":{"line":99,"column":17},"end":{"line":99,"column":58}},"18":{"start":{"line":100,"column":14},"end":{"line":100,"column":28}},"19":{"start":{"line":102,"column":2},"end":{"line":102,"column":61}},"20":{"start":{"line":102,"column":12},"end":{"line":102,"column":61}},"21":{"start":{"line":104,"column":2},"end":{"line":104,"column":13}},"22":{"start":{"line":113,"column":17},"end":{"line":118,"column":9}},"23":{"start":{"line":119,"column":14},"end":{"line":119,"column":28}},"24":{"start":{"line":121,"column":2},"end":{"line":121,"column":61}},"25":{"start":{"line":121,"column":12},"end":{"line":121,"column":61}},"26":{"start":{"line":127,"column":0},"end":{"line":127,"column":21}}},"fnMap":{"0":{"name":"(anonymous_0)","decl":{"start":{"line":17,"column":1},"end":{"line":17,"column":2}},"loc":{"start":{"line":17,"column":63},"end":{"line":28,"column":2}},"line":17},"1":{"name":"(anonymous_1)","decl":{"start":{"line":35,"column":1},"end":{"line":35,"column":2}},"loc":{"start":{"line":35,"column":31},"end":{"line":48,"column":3}},"line":35},"2":{"name":"(anonymous_2)","decl":{"start":{"line":57,"column":1},"end":{"line":57,"column":2}},"loc":{"start":{"line":57,"column":22},"end":{"line":73,"column":3}},"line":57},"3":{"name":"(anonymous_3)","decl":{"start":{"line":87,"column":1},"end":{"line":87,"column":2}},"loc":{"start":{"line":87,"column":31},"end":{"line":105,"column":2}},"line":87},"4":{"name":"(anonymous_4)","decl":{"start":{"line":112,"column":1},"end":{"line":112,"column":2}},"loc":{"start":{"line":112,"column":25},"end":{"line":122,"column":2}},"line":112}},"branchMap":{"0":{"loc":{"start":{"line":70,"column":4},"end":{"line":70,"column":63}},"type":"if","locations":[{"start":{"line":70,"column":4},"end":{"line":70,"column":63}},{"start":{},"end":{}}],"line":70},"1":{"loc":{"start":{"line":102,"column":2},"end":{"line":102,"column":61}},"type":"if","locations":[{"start":{"line":102,"column":2},"end":{"line":102,"column":61}},{"start":{},"end":{}}],"line":102},"2":{"loc":{"start":{"line":121,"column":2},"end":{"line":121,"column":61}},"type":"if","locations":[{"start":{"line":121,"column":2},"end":{"line":121,"column":61}},{"start":{},"end":{}}],"line":121}},"s":{"0":6,"1":6,"2":6,"3":28,"4":28,"5":28,"6":9,"7":9,"8":8,"9":4,"10":4,"11":4,"12":2,"13":2,"14":6,"15":5,"16":5,"17":5,"18":5,"19":5,"20":2,"21":3,"22":4,"23":4,"24":4,"25":2,"26":6},"f":{"0":28,"1":9,"2":4,"3":6,"4":4},"b":{"0":[2,2],"1":[2,3],"2":[2,2]},"_coverageSchema":"1a1c01bbd47fc00a2c39e90264f33305004495a9","hash":"a3821b822d7780379ccce706a2a9783c36be6d24"}
,"/home/joebuslife/school/Jobly-CumProj2-React/jobly/models/user.js": {"path":"/home/joebuslife/school/Jobly-CumProj2-React/jobly/models/user.js","statementMap":{"0":{"start":{"line":3,"column":11},"end":{"line":3,"column":27}},"1":{"start":{"line":4,"column":15},"end":{"line":4,"column":32}},"2":{"start":{"line":5,"column":32},"end":{"line":5,"column":57}},"3":{"start":{"line":10,"column":4},"end":{"line":10,"column":30}},"4":{"start":{"line":12,"column":31},"end":{"line":12,"column":54}},"5":{"start":{"line":26,"column":19},"end":{"line":36,"column":5}},"6":{"start":{"line":38,"column":17},"end":{"line":38,"column":31}},"7":{"start":{"line":40,"column":4},"end":{"line":47,"column":5}},"8":{"start":{"line":42,"column":22},"end":{"line":42,"column":67}},"9":{"start":{"line":43,"column":6},"end":{"line":46,"column":7}},"10":{"start":{"line":44,"column":8},"end":{"line":44,"column":29}},"11":{"start":{"line":45,"column":8},"end":{"line":45,"column":20}},"12":{"start":{"line":49,"column":4},"end":{"line":49,"column":61}},"13":{"start":{"line":61,"column":27},"end":{"line":66,"column":5}},"14":{"start":{"line":68,"column":4},"end":{"line":70,"column":5}},"15":{"start":{"line":69,"column":6},"end":{"line":69,"column":67}},"16":{"start":{"line":72,"column":27},"end":{"line":72,"column":74}},"17":{"start":{"line":74,"column":19},"end":{"line":92,"column":5}},"18":{"start":{"line":94,"column":17},"end":{"line":94,"column":31}},"19":{"start":{"line":96,"column":4},"end":{"line":96,"column":16}},"20":{"start":{"line":105,"column":19},"end":{"line":113,"column":5}},"21":{"start":{"line":115,"column":4},"end":{"line":115,"column":23}},"22":{"start":{"line":127,"column":20},"end":{"line":136,"column":5}},"23":{"start":{"line":138,"column":17},"end":{"line":138,"column":32}},"24":{"start":{"line":140,"column":4},"end":{"line":140,"column":63}},"25":{"start":{"line":140,"column":15},"end":{"line":140,"column":63}},"26":{"start":{"line":142,"column":26},"end":{"line":145,"column":44}},"27":{"start":{"line":147,"column":4},"end":{"line":147,"column":64}},"28":{"start":{"line":147,"column":54},"end":{"line":147,"column":62}},"29":{"start":{"line":149,"column":4},"end":{"line":149,"column":16}},"30":{"start":{"line":160,"column":19},"end":{"line":163,"column":35}},"31":{"start":{"line":164,"column":16},"end":{"line":164,"column":32}},"32":{"start":{"line":166,"column":4},"end":{"line":166,"column":58}},"33":{"start":{"line":166,"column":14},"end":{"line":166,"column":58}},"34":{"start":{"line":168,"column":22},"end":{"line":171,"column":44}},"35":{"start":{"line":172,"column":17},"end":{"line":172,"column":34}},"36":{"start":{"line":174,"column":4},"end":{"line":174,"column":67}},"37":{"start":{"line":174,"column":15},"end":{"line":174,"column":67}},"38":{"start":{"line":176,"column":2},"end":{"line":180,"column":4}},"39":{"start":{"line":201,"column":4},"end":{"line":203,"column":5}},"40":{"start":{"line":202,"column":6},"end":{"line":202,"column":75}},"41":{"start":{"line":205,"column":32},"end":{"line":211,"column":10}},"42":{"start":{"line":212,"column":27},"end":{"line":212,"column":52}},"43":{"start":{"line":214,"column":21},"end":{"line":221,"column":54}},"44":{"start":{"line":222,"column":19},"end":{"line":222,"column":66}},"45":{"start":{"line":223,"column":17},"end":{"line":223,"column":31}},"46":{"start":{"line":225,"column":4},"end":{"line":225,"column":63}},"47":{"start":{"line":225,"column":15},"end":{"line":225,"column":63}},"48":{"start":{"line":227,"column":4},"end":{"line":227,"column":25}},"49":{"start":{"line":228,"column":4},"end":{"line":228,"column":16}},"50":{"start":{"line":234,"column":17},"end":{"line":240,"column":5}},"51":{"start":{"line":241,"column":17},"end":{"line":241,"column":31}},"52":{"start":{"line":243,"column":4},"end":{"line":243,"column":63}},"53":{"start":{"line":243,"column":15},"end":{"line":243,"column":63}},"54":{"start":{"line":248,"column":0},"end":{"line":248,"column":22}}},"fnMap":{"0":{"name":"(anonymous_0)","decl":{"start":{"line":24,"column":2},"end":{"line":24,"column":3}},"loc":{"start":{"line":24,"column":48},"end":{"line":50,"column":3}},"line":24},"1":{"name":"(anonymous_1)","decl":{"start":{"line":59,"column":2},"end":{"line":59,"column":3}},"loc":{"start":{"line":60,"column":67},"end":{"line":97,"column":3}},"line":60},"2":{"name":"(anonymous_2)","decl":{"start":{"line":104,"column":2},"end":{"line":104,"column":3}},"loc":{"start":{"line":104,"column":25},"end":{"line":116,"column":3}},"line":104},"3":{"name":"(anonymous_3)","decl":{"start":{"line":126,"column":2},"end":{"line":126,"column":3}},"loc":{"start":{"line":126,"column":29},"end":{"line":150,"column":3}},"line":126},"4":{"name":"(anonymous_4)","decl":{"start":{"line":147,"column":49},"end":{"line":147,"column":50}},"loc":{"start":{"line":147,"column":54},"end":{"line":147,"column":62}},"line":147},"5":{"name":"(anonymous_5)","decl":{"start":{"line":159,"column":1},"end":{"line":159,"column":2}},"loc":{"start":{"line":159,"column":40},"end":{"line":181,"column":2}},"line":159},"6":{"name":"(anonymous_6)","decl":{"start":{"line":200,"column":2},"end":{"line":200,"column":3}},"loc":{"start":{"line":200,"column":38},"end":{"line":229,"column":3}},"line":200},"7":{"name":"(anonymous_7)","decl":{"start":{"line":233,"column":2},"end":{"line":233,"column":3}},"loc":{"start":{"line":233,"column":32},"end":{"line":244,"column":3}},"line":233}},"branchMap":{"0":{"loc":{"start":{"line":40,"column":4},"end":{"line":47,"column":5}},"type":"if","locations":[{"start":{"line":40,"column":4},"end":{"line":47,"column":5}},{"start":{},"end":{}}],"line":40},"1":{"loc":{"start":{"line":43,"column":6},"end":{"line":46,"column":7}},"type":"if","locations":[{"start":{"line":43,"column":6},"end":{"line":46,"column":7}},{"start":{},"end":{}}],"line":43},"2":{"loc":{"start":{"line":68,"column":4},"end":{"line":70,"column":5}},"type":"if","locations":[{"start":{"line":68,"column":4},"end":{"line":70,"column":5}},{"start":{},"end":{}}],"line":68},"3":{"loc":{"start":{"line":140,"column":4},"end":{"line":140,"column":63}},"type":"if","locations":[{"start":{"line":140,"column":4},"end":{"line":140,"column":63}},{"start":{},"end":{}}],"line":140},"4":{"loc":{"start":{"line":166,"column":4},"end":{"line":166,"column":58}},"type":"if","locations":[{"start":{"line":166,"column":4},"end":{"line":166,"column":58}},{"start":{},"end":{}}],"line":166},"5":{"loc":{"start":{"line":174,"column":4},"end":{"line":174,"column":67}},"type":"if","locations":[{"start":{"line":174,"column":4},"end":{"line":174,"column":67}},{"start":{},"end":{}}],"line":174},"6":{"loc":{"start":{"line":201,"column":4},"end":{"line":203,"column":5}},"type":"if","locations":[{"start":{"line":201,"column":4},"end":{"line":203,"column":5}},{"start":{},"end":{}}],"line":201},"7":{"loc":{"start":{"line":225,"column":4},"end":{"line":225,"column":63}},"type":"if","locations":[{"start":{"line":225,"column":4},"end":{"line":225,"column":63}},{"start":{},"end":{}}],"line":225},"8":{"loc":{"start":{"line":243,"column":4},"end":{"line":243,"column":63}},"type":"if","locations":[{"start":{"line":243,"column":4},"end":{"line":243,"column":63}},{"start":{},"end":{}}],"line":243}},"s":{"0":6,"1":6,"2":6,"3":6,"4":6,"5":7,"6":7,"7":7,"8":4,"9":4,"10":3,"11":3,"12":4,"13":19,"14":19,"15":1,"16":18,"17":18,"18":18,"19":18,"20":3,"21":2,"22":5,"23":5,"24":5,"25":2,"26":3,"27":3,"28":3,"29":3,"30":12,"31":12,"32":12,"33":2,"34":10,"35":10,"36":10,"37":2,"38":8,"39":8,"40":2,"41":8,"42":7,"43":7,"44":7,"45":7,"46":7,"47":2,"48":5,"49":5,"50":5,"51":5,"52":5,"53":2,"54":6},"f":{"0":7,"1":19,"2":3,"3":5,"4":3,"5":12,"6":8,"7":5},"b":{"0":[4,3],"1":[3,1],"2":[1,18],"3":[2,3],"4":[2,10],"5":[2,8],"6":[2,6],"7":[2,5],"8":[2,3]},"_coverageSchema":"1a1c01bbd47fc00a2c39e90264f33305004495a9","hash":"f142aea32d781b0100ac71b220fdb4080d70f3ff"}
,"/home/joebuslife/school/Jobly-CumProj2-React/jobly/routes/_testCommon.js": {"path":"/home/joebuslife/school/Jobly-CumProj2-React/jobly/routes/_testCommon.js","statementMap":{"0":{"start":{"line":3,"column":11},"end":{"line":3,"column":30}},"1":{"start":{"line":4,"column":13},"end":{"line":4,"column":38}},"2":{"start":{"line":5,"column":16},"end":{"line":5,"column":44}},"3":{"start":{"line":6,"column":12},"end":{"line":6,"column":36}},"4":{"start":{"line":7,"column":24},"end":{"line":7,"column":52}},"5":{"start":{"line":9,"column":15},"end":{"line":9,"column":17}},"6":{"start":{"line":13,"column":2},"end":{"line":13,"column":38}},"7":{"start":{"line":15,"column":2},"end":{"line":15,"column":42}},"8":{"start":{"line":17,"column":2},"end":{"line":24,"column":9}},"9":{"start":{"line":25,"column":2},"end":{"line":32,"column":9}},"10":{"start":{"line":33,"column":2},"end":{"line":40,"column":9}},"11":{"start":{"line":42,"column":1},"end":{"line":47,"column":8}},"12":{"start":{"line":48,"column":1},"end":{"line":53,"column":8}},"13":{"start":{"line":54,"column":1},"end":{"line":59,"column":4}},"14":{"start":{"line":60,"column":1},"end":{"line":65,"column":4}},"15":{"start":{"line":66,"column":1},"end":{"line":71,"column":4}},"16":{"start":{"line":73,"column":2},"end":{"line":80,"column":5}},"17":{"start":{"line":81,"column":2},"end":{"line":88,"column":5}},"18":{"start":{"line":89,"column":2},"end":{"line":96,"column":5}},"19":{"start":{"line":98,"column":1},"end":{"line":98,"column":38}},"20":{"start":{"line":102,"column":2},"end":{"line":102,"column":26}},"21":{"start":{"line":106,"column":2},"end":{"line":106,"column":29}},"22":{"start":{"line":110,"column":2},"end":{"line":110,"column":17}},"23":{"start":{"line":114,"column":16},"end":{"line":114,"column":63}},"24":{"start":{"line":115,"column":16},"end":{"line":115,"column":62}},"25":{"start":{"line":118,"column":0},"end":{"line":126,"column":2}}},"fnMap":{"0":{"name":"commonBeforeAll","decl":{"start":{"line":11,"column":15},"end":{"line":11,"column":30}},"loc":{"start":{"line":11,"column":33},"end":{"line":99,"column":1}},"line":11},"1":{"name":"commonBeforeEach","decl":{"start":{"line":101,"column":15},"end":{"line":101,"column":31}},"loc":{"start":{"line":101,"column":34},"end":{"line":103,"column":1}},"line":101},"2":{"name":"commonAfterEach","decl":{"start":{"line":105,"column":15},"end":{"line":105,"column":30}},"loc":{"start":{"line":105,"column":33},"end":{"line":107,"column":1}},"line":105},"3":{"name":"commonAfterAll","decl":{"start":{"line":109,"column":15},"end":{"line":109,"column":29}},"loc":{"start":{"line":109,"column":32},"end":{"line":111,"column":1}},"line":109}},"branchMap":{},"s":{"0":4,"1":4,"2":4,"3":4,"4":4,"5":4,"6":4,"7":4,"8":4,"9":4,"10":4,"11":4,"12":4,"13":4,"14":4,"15":4,"16":4,"17":4,"18":4,"19":4,"20":89,"21":89,"22":4,"23":4,"24":4,"25":4},"f":{"0":4,"1":89,"2":89,"3":4},"b":{},"_coverageSchema":"1a1c01bbd47fc00a2c39e90264f33305004495a9","hash":"9d776d9e8b035b6670d58b3912f49879a1ba7ae7"}
,"/home/joebuslife/school/Jobly-CumProj2-React/jobly/routes/auth.js": {"path":"/home/joebuslife/school/Jobly-CumProj2-React/jobly/routes/auth.js","statementMap":{"0":{"start":{"line":5,"column":19},"end":{"line":5,"column":40}},"1":{"start":{"line":7,"column":13},"end":{"line":7,"column":38}},"2":{"start":{"line":8,"column":16},"end":{"line":8,"column":34}},"3":{"start":{"line":9,"column":15},"end":{"line":9,"column":35}},"4":{"start":{"line":10,"column":24},"end":{"line":10,"column":52}},"5":{"start":{"line":11,"column":23},"end":{"line":11,"column":58}},"6":{"start":{"line":12,"column":27},"end":{"line":12,"column":66}},"7":{"start":{"line":13,"column":28},"end":{"line":13,"column":54}},"8":{"start":{"line":22,"column":0},"end":{"line":37,"column":3}},"9":{"start":{"line":23,"column":2},"end":{"line":36,"column":3}},"10":{"start":{"line":24,"column":22},"end":{"line":24,"column":67}},"11":{"start":{"line":25,"column":4},"end":{"line":28,"column":5}},"12":{"start":{"line":26,"column":19},"end":{"line":26,"column":53}},"13":{"start":{"line":26,"column":45},"end":{"line":26,"column":52}},"14":{"start":{"line":27,"column":6},"end":{"line":27,"column":38}},"15":{"start":{"line":30,"column":35},"end":{"line":30,"column":43}},"16":{"start":{"line":31,"column":17},"end":{"line":31,"column":60}},"17":{"start":{"line":32,"column":18},"end":{"line":32,"column":35}},"18":{"start":{"line":33,"column":4},"end":{"line":33,"column":31}},"19":{"start":{"line":35,"column":4},"end":{"line":35,"column":21}},"20":{"start":{"line":49,"column":0},"end":{"line":63,"column":3}},"21":{"start":{"line":50,"column":2},"end":{"line":62,"column":3}},"22":{"start":{"line":51,"column":22},"end":{"line":51,"column":71}},"23":{"start":{"line":52,"column":4},"end":{"line":55,"column":5}},"24":{"start":{"line":53,"column":19},"end":{"line":53,"column":53}},"25":{"start":{"line":53,"column":45},"end":{"line":53,"column":52}},"26":{"start":{"line":54,"column":6},"end":{"line":54,"column":38}},"27":{"start":{"line":57,"column":20},"end":{"line":57,"column":72}},"28":{"start":{"line":58,"column":18},"end":{"line":58,"column":38}},"29":{"start":{"line":59,"column":4},"end":{"line":59,"column":43}},"30":{"start":{"line":61,"column":4},"end":{"line":61,"column":21}},"31":{"start":{"line":66,"column":0},"end":{"line":66,"column":24}}},"fnMap":{"0":{"name":"(anonymous_0)","decl":{"start":{"line":22,"column":22},"end":{"line":22,"column":23}},"loc":{"start":{"line":22,"column":54},"end":{"line":37,"column":1}},"line":22},"1":{"name":"(anonymous_1)","decl":{"start":{"line":26,"column":40},"end":{"line":26,"column":41}},"loc":{"start":{"line":26,"column":45},"end":{"line":26,"column":52}},"line":26},"2":{"name":"(anonymous_2)","decl":{"start":{"line":49,"column":25},"end":{"line":49,"column":26}},"loc":{"start":{"line":49,"column":57},"end":{"line":63,"column":1}},"line":49},"3":{"name":"(anonymous_3)","decl":{"start":{"line":53,"column":40},"end":{"line":53,"column":41}},"loc":{"start":{"line":53,"column":45},"end":{"line":53,"column":52}},"line":53}},"branchMap":{"0":{"loc":{"start":{"line":25,"column":4},"end":{"line":28,"column":5}},"type":"if","locations":[{"start":{"line":25,"column":4},"end":{"line":28,"column":5}},{"start":{},"end":{}}],"line":25},"1":{"loc":{"start":{"line":52,"column":4},"end":{"line":55,"column":5}},"type":"if","locations":[{"start":{"line":52,"column":4},"end":{"line":55,"column":5}},{"start":{},"end":{}}],"line":52}},"s":{"0":5,"1":5,"2":5,"3":5,"4":5,"5":5,"6":5,"7":5,"8":5,"9":5,"10":5,"11":5,"12":2,"13":2,"14":2,"15":3,"16":3,"17":1,"18":1,"19":4,"20":5,"21":3,"22":3,"23":3,"24":2,"25":5,"26":2,"27":1,"28":1,"29":1,"30":2,"31":5},"f":{"0":5,"1":2,"2":3,"3":5},"b":{"0":[2,3],"1":[2,1]},"_coverageSchema":"1a1c01bbd47fc00a2c39e90264f33305004495a9","hash":"5b88f95aec339e02bc29c68db6d23cab463f7044"}
,"/home/joebuslife/school/Jobly-CumProj2-React/jobly/routes/companies.js": {"path":"/home/joebuslife/school/Jobly-CumProj2-React/jobly/routes/companies.js","statementMap":{"0":{"start":{"line":5,"column":19},"end":{"line":5,"column":40}},"1":{"start":{"line":6,"column":16},"end":{"line":6,"column":34}},"2":{"start":{"line":8,"column":28},"end":{"line":8,"column":54}},"3":{"start":{"line":9,"column":40},"end":{"line":9,"column":69}},"4":{"start":{"line":10,"column":16},"end":{"line":10,"column":44}},"5":{"start":{"line":11,"column":12},"end":{"line":11,"column":36}},"6":{"start":{"line":13,"column":25},"end":{"line":13,"column":62}},"7":{"start":{"line":14,"column":28},"end":{"line":14,"column":68}},"8":{"start":{"line":16,"column":15},"end":{"line":16,"column":35}},"9":{"start":{"line":28,"column":0},"end":{"line":41,"column":3}},"10":{"start":{"line":29,"column":2},"end":{"line":40,"column":3}},"11":{"start":{"line":30,"column":22},"end":{"line":30,"column":69}},"12":{"start":{"line":31,"column":4},"end":{"line":34,"column":5}},"13":{"start":{"line":32,"column":19},"end":{"line":32,"column":53}},"14":{"start":{"line":32,"column":45},"end":{"line":32,"column":52}},"15":{"start":{"line":33,"column":6},"end":{"line":33,"column":38}},"16":{"start":{"line":36,"column":20},"end":{"line":36,"column":50}},"17":{"start":{"line":37,"column":4},"end":{"line":37,"column":45}},"18":{"start":{"line":39,"column":4},"end":{"line":39,"column":21}},"19":{"start":{"line":54,"column":0},"end":{"line":81,"column":3}},"20":{"start":{"line":55,"column":2},"end":{"line":80,"column":3}},"21":{"start":{"line":56,"column":22},"end":{"line":56,"column":62}},"22":{"start":{"line":57,"column":16},"end":{"line":57,"column":25}},"23":{"start":{"line":59,"column":2},"end":{"line":74,"column":3}},"24":{"start":{"line":60,"column":3},"end":{"line":60,"column":19}},"25":{"start":{"line":63,"column":3},"end":{"line":67,"column":4}},"26":{"start":{"line":64,"column":4},"end":{"line":64,"column":39}},"27":{"start":{"line":66,"column":4},"end":{"line":66,"column":49}},"28":{"start":{"line":69,"column":3},"end":{"line":73,"column":4}},"29":{"start":{"line":72,"column":4},"end":{"line":72,"column":81}},"30":{"start":{"line":76,"column":22},"end":{"line":76,"column":52}},"31":{"start":{"line":77,"column":4},"end":{"line":77,"column":35}},"32":{"start":{"line":79,"column":4},"end":{"line":79,"column":21}},"33":{"start":{"line":91,"column":0},"end":{"line":100,"column":3}},"34":{"start":{"line":92,"column":2},"end":{"line":99,"column":3}},"35":{"start":{"line":93,"column":21},"end":{"line":93,"column":31}},"36":{"start":{"line":94,"column":20},"end":{"line":94,"column":45}},"37":{"start":{"line":95,"column":2},"end":{"line":95,"column":59}},"38":{"start":{"line":96,"column":4},"end":{"line":96,"column":33}},"39":{"start":{"line":98,"column":4},"end":{"line":98,"column":21}},"40":{"start":{"line":113,"column":0},"end":{"line":126,"column":3}},"41":{"start":{"line":114,"column":2},"end":{"line":125,"column":3}},"42":{"start":{"line":115,"column":22},"end":{"line":115,"column":72}},"43":{"start":{"line":116,"column":4},"end":{"line":119,"column":5}},"44":{"start":{"line":117,"column":19},"end":{"line":117,"column":53}},"45":{"start":{"line":117,"column":45},"end":{"line":117,"column":52}},"46":{"start":{"line":118,"column":6},"end":{"line":118,"column":38}},"47":{"start":{"line":121,"column":20},"end":{"line":121,"column":69}},"48":{"start":{"line":122,"column":4},"end":{"line":122,"column":33}},"49":{"start":{"line":124,"column":4},"end":{"line":124,"column":21}},"50":{"start":{"line":133,"column":0},"end":{"line":140,"column":3}},"51":{"start":{"line":134,"column":2},"end":{"line":139,"column":2}},"52":{"start":{"line":135,"column":4},"end":{"line":135,"column":44}},"53":{"start":{"line":136,"column":4},"end":{"line":136,"column":52}},"54":{"start":{"line":138,"column":4},"end":{"line":138,"column":21}},"55":{"start":{"line":143,"column":0},"end":{"line":143,"column":24}}},"fnMap":{"0":{"name":"(anonymous_0)","decl":{"start":{"line":28,"column":30},"end":{"line":28,"column":31}},"loc":{"start":{"line":28,"column":62},"end":{"line":41,"column":1}},"line":28},"1":{"name":"(anonymous_1)","decl":{"start":{"line":32,"column":40},"end":{"line":32,"column":41}},"loc":{"start":{"line":32,"column":45},"end":{"line":32,"column":52}},"line":32},"2":{"name":"(anonymous_2)","decl":{"start":{"line":54,"column":16},"end":{"line":54,"column":17}},"loc":{"start":{"line":54,"column":48},"end":{"line":81,"column":1}},"line":54},"3":{"name":"(anonymous_3)","decl":{"start":{"line":63,"column":38},"end":{"line":63,"column":39}},"loc":{"start":{"line":64,"column":4},"end":{"line":64,"column":39}},"line":64},"4":{"name":"(anonymous_4)","decl":{"start":{"line":91,"column":23},"end":{"line":91,"column":24}},"loc":{"start":{"line":91,"column":55},"end":{"line":100,"column":1}},"line":91},"5":{"name":"(anonymous_5)","decl":{"start":{"line":113,"column":38},"end":{"line":113,"column":39}},"loc":{"start":{"line":113,"column":70},"end":{"line":126,"column":1}},"line":113},"6":{"name":"(anonymous_6)","decl":{"start":{"line":117,"column":40},"end":{"line":117,"column":41}},"loc":{"start":{"line":117,"column":45},"end":{"line":117,"column":52}},"line":117},"7":{"name":"(anonymous_7)","decl":{"start":{"line":133,"column":39},"end":{"line":133,"column":40}},"loc":{"start":{"line":133,"column":71},"end":{"line":140,"column":1}},"line":133}},"branchMap":{"0":{"loc":{"start":{"line":31,"column":4},"end":{"line":34,"column":5}},"type":"if","locations":[{"start":{"line":31,"column":4},"end":{"line":34,"column":5}},{"start":{},"end":{}}],"line":31},"1":{"loc":{"start":{"line":59,"column":2},"end":{"line":74,"column":3}},"type":"if","locations":[{"start":{"line":59,"column":2},"end":{"line":74,"column":3}},{"start":{"line":62,"column":7},"end":{"line":74,"column":3}}],"line":59},"2":{"loc":{"start":{"line":63,"column":3},"end":{"line":67,"column":4}},"type":"if","locations":[{"start":{"line":63,"column":3},"end":{"line":67,"column":4}},{"start":{},"end":{}}],"line":63},"3":{"loc":{"start":{"line":64,"column":4},"end":{"line":64,"column":39}},"type":"binary-expr","locations":[{"start":{"line":64,"column":4},"end":{"line":64,"column":27}},{"start":{"line":64,"column":31},"end":{"line":64,"column":39}}],"line":64},"4":{"loc":{"start":{"line":69,"column":3},"end":{"line":73,"column":4}},"type":"if","locations":[{"start":{"line":69,"column":3},"end":{"line":73,"column":4}},{"start":{},"end":{}}],"line":69},"5":{"loc":{"start":{"line":69,"column":7},"end":{"line":71,"column":48}},"type":"binary-expr","locations":[{"start":{"line":69,"column":8},"end":{"line":69,"column":41}},{"start":{"line":70,"column":3},"end":{"line":70,"column":36}},{"start":{"line":71,"column":3},"end":{"line":71,"column":48}}],"line":69},"6":{"loc":{"start":{"line":116,"column":4},"end":{"line":119,"column":5}},"type":"if","locations":[{"start":{"line":116,"column":4},"end":{"line":119,"column":5}},{"start":{},"end":{}}],"line":116}},"s":{"0":5,"1":5,"2":5,"3":5,"4":5,"5":5,"6":5,"7":5,"8":5,"9":5,"10":3,"11":3,"12":3,"13":2,"14":3,"15":2,"16":1,"17":1,"18":2,"19":5,"20":7,"21":7,"22":7,"23":7,"24":2,"25":5,"26":8,"27":2,"28":3,"29":1,"30":4,"31":3,"32":4,"33":5,"34":3,"35":3,"36":3,"37":2,"38":2,"39":1,"40":5,"41":4,"42":4,"43":4,"44":2,"45":2,"46":2,"47":2,"48":1,"49":3,"50":5,"51":2,"52":2,"53":1,"54":1,"55":5},"f":{"0":3,"1":3,"2":7,"3":8,"4":3,"5":4,"6":2,"7":2},"b":{"0":[2,1],"1":[2,5],"2":[2,3],"3":[8,7],"4":[1,2],"5":[3,2,2],"6":[2,2]},"_coverageSchema":"1a1c01bbd47fc00a2c39e90264f33305004495a9","hash":"813bdcb5eb0d25e09fefc218cec565687b33744c"}
,"/home/joebuslife/school/Jobly-CumProj2-React/jobly/routes/jobs.js": {"path":"/home/joebuslife/school/Jobly-CumProj2-React/jobly/routes/jobs.js","statementMap":{"0":{"start":{"line":5,"column":19},"end":{"line":5,"column":40}},"1":{"start":{"line":6,"column":16},"end":{"line":6,"column":34}},"2":{"start":{"line":8,"column":28},"end":{"line":8,"column":54}},"3":{"start":{"line":9,"column":40},"end":{"line":9,"column":69}},"4":{"start":{"line":10,"column":12},"end":{"line":10,"column":36}},"5":{"start":{"line":12,"column":21},"end":{"line":12,"column":54}},"6":{"start":{"line":13,"column":24},"end":{"line":13,"column":60}},"7":{"start":{"line":15,"column":15},"end":{"line":15,"column":35}},"8":{"start":{"line":27,"column":1},"end":{"line":40,"column":3}},"9":{"start":{"line":28,"column":2},"end":{"line":39,"column":3}},"10":{"start":{"line":29,"column":22},"end":{"line":29,"column":65}},"11":{"start":{"line":30,"column":4},"end":{"line":33,"column":5}},"12":{"start":{"line":31,"column":19},"end":{"line":31,"column":53}},"13":{"start":{"line":31,"column":45},"end":{"line":31,"column":52}},"14":{"start":{"line":32,"column":6},"end":{"line":32,"column":38}},"15":{"start":{"line":35,"column":16},"end":{"line":35,"column":42}},"16":{"start":{"line":36,"column":4},"end":{"line":36,"column":41}},"17":{"start":{"line":38,"column":4},"end":{"line":38,"column":21}},"18":{"start":{"line":53,"column":1},"end":{"line":78,"column":3}},"19":{"start":{"line":54,"column":2},"end":{"line":77,"column":3}},"20":{"start":{"line":55,"column":22},"end":{"line":55,"column":57}},"21":{"start":{"line":56,"column":16},"end":{"line":56,"column":25}},"22":{"start":{"line":58,"column":2},"end":{"line":71,"column":3}},"23":{"start":{"line":59,"column":3},"end":{"line":59,"column":19}},"24":{"start":{"line":62,"column":3},"end":{"line":66,"column":4}},"25":{"start":{"line":63,"column":4},"end":{"line":63,"column":39}},"26":{"start":{"line":65,"column":4},"end":{"line":65,"column":49}},"27":{"start":{"line":67,"column":3},"end":{"line":69,"column":4}},"28":{"start":{"line":68,"column":4},"end":{"line":68,"column":89}},"29":{"start":{"line":73,"column":17},"end":{"line":73,"column":43}},"30":{"start":{"line":74,"column":4},"end":{"line":74,"column":30}},"31":{"start":{"line":76,"column":4},"end":{"line":76,"column":21}},"32":{"start":{"line":87,"column":1},"end":{"line":94,"column":3}},"33":{"start":{"line":88,"column":2},"end":{"line":93,"column":3}},"34":{"start":{"line":89,"column":16},"end":{"line":89,"column":44}},"35":{"start":{"line":90,"column":4},"end":{"line":90,"column":29}},"36":{"start":{"line":92,"column":4},"end":{"line":92,"column":21}},"37":{"start":{"line":107,"column":1},"end":{"line":120,"column":3}},"38":{"start":{"line":108,"column":2},"end":{"line":119,"column":3}},"39":{"start":{"line":109,"column":22},"end":{"line":109,"column":68}},"40":{"start":{"line":110,"column":4},"end":{"line":113,"column":5}},"41":{"start":{"line":111,"column":19},"end":{"line":111,"column":53}},"42":{"start":{"line":111,"column":45},"end":{"line":111,"column":52}},"43":{"start":{"line":112,"column":6},"end":{"line":112,"column":38}},"44":{"start":{"line":115,"column":16},"end":{"line":115,"column":57}},"45":{"start":{"line":116,"column":4},"end":{"line":116,"column":29}},"46":{"start":{"line":118,"column":4},"end":{"line":118,"column":21}},"47":{"start":{"line":127,"column":1},"end":{"line":134,"column":3}},"48":{"start":{"line":128,"column":2},"end":{"line":133,"column":3}},"49":{"start":{"line":129,"column":4},"end":{"line":129,"column":36}},"50":{"start":{"line":130,"column":4},"end":{"line":130,"column":49}},"51":{"start":{"line":132,"column":4},"end":{"line":132,"column":21}},"52":{"start":{"line":137,"column":0},"end":{"line":137,"column":24}}},"fnMap":{"0":{"name":"(anonymous_0)","decl":{"start":{"line":27,"column":31},"end":{"line":27,"column":32}},"loc":{"start":{"line":27,"column":63},"end":{"line":40,"column":1}},"line":27},"1":{"name":"(anonymous_1)","decl":{"start":{"line":31,"column":40},"end":{"line":31,"column":41}},"loc":{"start":{"line":31,"column":45},"end":{"line":31,"column":52}},"line":31},"2":{"name":"(anonymous_2)","decl":{"start":{"line":53,"column":17},"end":{"line":53,"column":18}},"loc":{"start":{"line":53,"column":49},"end":{"line":78,"column":1}},"line":53},"3":{"name":"(anonymous_3)","decl":{"start":{"line":62,"column":38},"end":{"line":62,"column":39}},"loc":{"start":{"line":63,"column":4},"end":{"line":63,"column":39}},"line":63},"4":{"name":"(anonymous_4)","decl":{"start":{"line":87,"column":20},"end":{"line":87,"column":21}},"loc":{"start":{"line":87,"column":52},"end":{"line":94,"column":1}},"line":87},"5":{"name":"(anonymous_5)","decl":{"start":{"line":107,"column":35},"end":{"line":107,"column":36}},"loc":{"start":{"line":107,"column":67},"end":{"line":120,"column":1}},"line":107},"6":{"name":"(anonymous_6)","decl":{"start":{"line":111,"column":40},"end":{"line":111,"column":41}},"loc":{"start":{"line":111,"column":45},"end":{"line":111,"column":52}},"line":111},"7":{"name":"(anonymous_7)","decl":{"start":{"line":127,"column":36},"end":{"line":127,"column":37}},"loc":{"start":{"line":127,"column":68},"end":{"line":134,"column":1}},"line":127}},"branchMap":{"0":{"loc":{"start":{"line":30,"column":4},"end":{"line":33,"column":5}},"type":"if","locations":[{"start":{"line":30,"column":4},"end":{"line":33,"column":5}},{"start":{},"end":{}}],"line":30},"1":{"loc":{"start":{"line":58,"column":2},"end":{"line":71,"column":3}},"type":"if","locations":[{"start":{"line":58,"column":2},"end":{"line":71,"column":3}},{"start":{"line":61,"column":7},"end":{"line":71,"column":3}}],"line":58},"2":{"loc":{"start":{"line":62,"column":3},"end":{"line":66,"column":4}},"type":"if","locations":[{"start":{"line":62,"column":3},"end":{"line":66,"column":4}},{"start":{},"end":{}}],"line":62},"3":{"loc":{"start":{"line":63,"column":4},"end":{"line":63,"column":39}},"type":"binary-expr","locations":[{"start":{"line":63,"column":4},"end":{"line":63,"column":27}},{"start":{"line":63,"column":31},"end":{"line":63,"column":39}}],"line":63},"4":{"loc":{"start":{"line":67,"column":3},"end":{"line":69,"column":4}},"type":"if","locations":[{"start":{"line":67,"column":3},"end":{"line":69,"column":4}},{"start":{},"end":{}}],"line":67},"5":{"loc":{"start":{"line":67,"column":7},"end":{"line":67,"column":91}},"type":"binary-expr","locations":[{"start":{"line":67,"column":7},"end":{"line":67,"column":24}},{"start":{"line":67,"column":29},"end":{"line":67,"column":57}},{"start":{"line":67,"column":61},"end":{"line":67,"column":90}}],"line":67},"6":{"loc":{"start":{"line":110,"column":4},"end":{"line":113,"column":5}},"type":"if","locations":[{"start":{"line":110,"column":4},"end":{"line":113,"column":5}},{"start":{},"end":{}}],"line":110}},"s":{"0":5,"1":5,"2":5,"3":5,"4":5,"5":5,"6":5,"7":5,"8":5,"9":3,"10":3,"11":3,"12":2,"13":2,"14":2,"15":1,"16":1,"17":2,"18":5,"19":7,"20":7,"21":7,"22":7,"23":2,"24":5,"25":7,"26":2,"27":3,"28":1,"29":4,"30":3,"31":4,"32":5,"33":2,"34":2,"35":1,"36":1,"37":5,"38":4,"39":4,"40":4,"41":2,"42":2,"43":2,"44":2,"45":1,"46":3,"47":5,"48":2,"49":2,"50":1,"51":1,"52":5},"f":{"0":3,"1":2,"2":7,"3":7,"4":2,"5":4,"6":2,"7":2},"b":{"0":[2,1],"1":[2,5],"2":[2,3],"3":[7,6],"4":[1,2],"5":[3,2,1],"6":[2,2]},"_coverageSchema":"1a1c01bbd47fc00a2c39e90264f33305004495a9","hash":"f315e19ca20ebeedd3a6e4afc421470c45674f7c"}
,"/home/joebuslife/school/Jobly-CumProj2-React/jobly/routes/users.js": {"path":"/home/joebuslife/school/Jobly-CumProj2-React/jobly/routes/users.js","statementMap":{"0":{"start":{"line":5,"column":19},"end":{"line":5,"column":40}},"1":{"start":{"line":7,"column":16},"end":{"line":7,"column":34}},"2":{"start":{"line":8,"column":66},"end":{"line":8,"column":95}},"3":{"start":{"line":9,"column":28},"end":{"line":9,"column":54}},"4":{"start":{"line":10,"column":13},"end":{"line":10,"column":38}},"5":{"start":{"line":11,"column":24},"end":{"line":11,"column":52}},"6":{"start":{"line":12,"column":22},"end":{"line":12,"column":56}},"7":{"start":{"line":13,"column":25},"end":{"line":13,"column":62}},"8":{"start":{"line":15,"column":15},"end":{"line":15,"column":31}},"9":{"start":{"line":30,"column":0},"end":{"line":44,"column":3}},"10":{"start":{"line":31,"column":2},"end":{"line":43,"column":3}},"11":{"start":{"line":32,"column":22},"end":{"line":32,"column":66}},"12":{"start":{"line":33,"column":4},"end":{"line":36,"column":5}},"13":{"start":{"line":34,"column":19},"end":{"line":34,"column":53}},"14":{"start":{"line":34,"column":45},"end":{"line":34,"column":52}},"15":{"start":{"line":35,"column":6},"end":{"line":35,"column":38}},"16":{"start":{"line":38,"column":17},"end":{"line":38,"column":46}},"17":{"start":{"line":39,"column":18},"end":{"line":39,"column":35}},"18":{"start":{"line":40,"column":4},"end":{"line":40,"column":49}},"19":{"start":{"line":42,"column":4},"end":{"line":42,"column":21}},"20":{"start":{"line":54,"column":0},"end":{"line":61,"column":3}},"21":{"start":{"line":55,"column":2},"end":{"line":60,"column":3}},"22":{"start":{"line":56,"column":18},"end":{"line":56,"column":38}},"23":{"start":{"line":57,"column":4},"end":{"line":57,"column":31}},"24":{"start":{"line":59,"column":4},"end":{"line":59,"column":21}},"25":{"start":{"line":72,"column":0},"end":{"line":79,"column":3}},"26":{"start":{"line":73,"column":2},"end":{"line":78,"column":3}},"27":{"start":{"line":74,"column":17},"end":{"line":74,"column":52}},"28":{"start":{"line":75,"column":4},"end":{"line":75,"column":30}},"29":{"start":{"line":77,"column":4},"end":{"line":77,"column":21}},"30":{"start":{"line":89,"column":0},"end":{"line":102,"column":3}},"31":{"start":{"line":90,"column":1},"end":{"line":100,"column":2}},"32":{"start":{"line":91,"column":27},"end":{"line":91,"column":37}},"33":{"start":{"line":92,"column":2},"end":{"line":92,"column":36}},"34":{"start":{"line":94,"column":2},"end":{"line":94,"column":47}},"35":{"start":{"line":96,"column":2},"end":{"line":98,"column":5}},"36":{"start":{"line":97,"column":6},"end":{"line":97,"column":76}},"37":{"start":{"line":99,"column":2},"end":{"line":99,"column":19}},"38":{"start":{"line":115,"column":0},"end":{"line":128,"column":3}},"39":{"start":{"line":116,"column":2},"end":{"line":127,"column":3}},"40":{"start":{"line":117,"column":22},"end":{"line":117,"column":69}},"41":{"start":{"line":118,"column":4},"end":{"line":121,"column":5}},"42":{"start":{"line":119,"column":19},"end":{"line":119,"column":53}},"43":{"start":{"line":119,"column":45},"end":{"line":119,"column":52}},"44":{"start":{"line":120,"column":6},"end":{"line":120,"column":38}},"45":{"start":{"line":123,"column":17},"end":{"line":123,"column":65}},"46":{"start":{"line":124,"column":4},"end":{"line":124,"column":30}},"47":{"start":{"line":126,"column":4},"end":{"line":126,"column":21}},"48":{"start":{"line":136,"column":0},"end":{"line":143,"column":3}},"49":{"start":{"line":137,"column":2},"end":{"line":142,"column":3}},"50":{"start":{"line":138,"column":4},"end":{"line":138,"column":43}},"51":{"start":{"line":139,"column":4},"end":{"line":139,"column":54}},"52":{"start":{"line":141,"column":4},"end":{"line":141,"column":21}},"53":{"start":{"line":146,"column":0},"end":{"line":146,"column":24}}},"fnMap":{"0":{"name":"(anonymous_0)","decl":{"start":{"line":30,"column":30},"end":{"line":30,"column":31}},"loc":{"start":{"line":30,"column":62},"end":{"line":44,"column":1}},"line":30},"1":{"name":"(anonymous_1)","decl":{"start":{"line":34,"column":40},"end":{"line":34,"column":41}},"loc":{"start":{"line":34,"column":45},"end":{"line":34,"column":52}},"line":34},"2":{"name":"(anonymous_2)","decl":{"start":{"line":54,"column":29},"end":{"line":54,"column":30}},"loc":{"start":{"line":54,"column":61},"end":{"line":61,"column":1}},"line":54},"3":{"name":"(anonymous_3)","decl":{"start":{"line":72,"column":51},"end":{"line":72,"column":52}},"loc":{"start":{"line":72,"column":83},"end":{"line":79,"column":1}},"line":72},"4":{"name":"(anonymous_4)","decl":{"start":{"line":89,"column":61},"end":{"line":89,"column":62}},"loc":{"start":{"line":89,"column":93},"end":{"line":102,"column":1}},"line":89},"5":{"name":"(anonymous_5)","decl":{"start":{"line":115,"column":53},"end":{"line":115,"column":54}},"loc":{"start":{"line":115,"column":85},"end":{"line":128,"column":1}},"line":115},"6":{"name":"(anonymous_6)","decl":{"start":{"line":119,"column":40},"end":{"line":119,"column":41}},"loc":{"start":{"line":119,"column":45},"end":{"line":119,"column":52}},"line":119},"7":{"name":"(anonymous_7)","decl":{"start":{"line":136,"column":54},"end":{"line":136,"column":55}},"loc":{"start":{"line":136,"column":86},"end":{"line":143,"column":1}},"line":136}},"branchMap":{"0":{"loc":{"start":{"line":33,"column":4},"end":{"line":36,"column":5}},"type":"if","locations":[{"start":{"line":33,"column":4},"end":{"line":36,"column":5}},{"start":{},"end":{}}],"line":33},"1":{"loc":{"start":{"line":96,"column":2},"end":{"line":98,"column":5}},"type":"if","locations":[{"start":{"line":96,"column":2},"end":{"line":98,"column":5}},{"start":{},"end":{}}],"line":96},"2":{"loc":{"start":{"line":118,"column":4},"end":{"line":121,"column":5}},"type":"if","locations":[{"start":{"line":118,"column":4},"end":{"line":121,"column":5}},{"start":{},"end":{}}],"line":118}},"s":{"0":5,"1":5,"2":5,"3":5,"4":5,"5":5,"6":5,"7":5,"8":5,"9":5,"10":4,"11":4,"12":4,"13":2,"14":5,"15":2,"16":2,"17":2,"18":2,"19":2,"20":5,"21":2,"22":2,"23":1,"24":1,"25":5,"26":3,"27":3,"28":2,"29":1,"30":5,"31":5,"32":5,"33":5,"34":2,"35":3,"36":1,"37":2,"38":5,"39":5,"40":5,"41":5,"42":1,"43":1,"44":1,"45":4,"46":3,"47":2,"48":5,"49":3,"50":3,"51":2,"52":1,"53":5},"f":{"0":4,"1":5,"2":2,"3":3,"4":5,"5":5,"6":1,"7":3},"b":{"0":[2,2],"1":[1,2],"2":[1,4]},"_coverageSchema":"1a1c01bbd47fc00a2c39e90264f33305004495a9","hash":"3afebb70f41bd6b179212f8dbc21935b6ea04705"}
}
