TN:
SF:app.js
FN:32,(anonymous_0)
FN:37,(anonymous_1)
FNF:2
FNH:2
FNDA:2,(anonymous_0)
FNDA:62,(anonymous_1)
DA:5,5
DA:6,5
DA:8,5
DA:10,5
DA:11,5
DA:12,5
DA:13,5
DA:14,5
DA:16,5
DA:18,5
DA:20,5
DA:21,5
DA:22,5
DA:23,5
DA:25,5
DA:26,5
DA:27,5
DA:28,5
DA:32,5
DA:33,2
DA:37,5
DA:38,62
DA:39,62
DA:40,62
DA:42,62
DA:47,5
LF:26
LH:26
BRDA:38,0,0,1
BRDA:38,0,1,61
BRDA:39,1,0,62
BRDA:39,1,1,3
BRF:4
BRH:4
end_of_record
TN:
SF:config.js
FN:13,getDatabaseUri
FNF:1
FNH:1
FNDA:22,getDatabaseUri
DA:5,11
DA:6,11
DA:8,11
DA:10,11
DA:14,22
DA:22,11
DA:24,11
DA:25,11
DA:26,11
DA:27,11
DA:28,11
DA:29,11
DA:31,11
LF:13
LH:13
BRDA:8,0,0,11
BRDA:8,0,1,10
BRDA:10,1,0,11
BRDA:10,1,1,10
BRDA:14,2,0,19
BRDA:14,2,1,3
BRDA:16,3,0,3
BRDA:16,3,1,1
BRDA:22,4,0,10
BRDA:22,4,1,1
BRF:10
BRH:10
end_of_record
TN:
SF:db.js
FNF:0
FNH:0
DA:3,8
DA:4,8
DA:8,8
DA:9,0
DA:16,8
DA:21,8
DA:23,8
LF:7
LH:6
BRDA:8,0,0,0
BRDA:8,0,1,8
BRF:2
BRH:1
end_of_record
TN:
SF:expressError.js
FN:8,(anonymous_0)
FN:18,(anonymous_1)
FN:26,(anonymous_2)
FN:34,(anonymous_3)
FN:42,(anonymous_4)
FNF:5
FNH:4
FNDA:84,(anonymous_0)
FNDA:24,(anonymous_1)
FNDA:33,(anonymous_2)
FNDA:27,(anonymous_3)
FNDA:0,(anonymous_4)
DA:9,84
DA:10,84
DA:11,84
DA:19,24
DA:27,33
DA:35,27
DA:43,0
DA:47,10
LF:8
LH:7
BRDA:18,0,0,2
BRDA:26,1,0,29
BRDA:34,2,0,0
BRDA:42,3,0,0
BRF:4
BRH:2
end_of_record
TN:
SF:helpers/sql.js
FN:11,sqlForPartialUpdate
FN:16,(anonymous_1)
FN:34,sqlForFilteringCompanies
FN:69,sqlForFilteringJobs
FNF:4
FNH:4
FNDA:21,sqlForPartialUpdate
FNDA:39,(anonymous_1)
FNDA:10,sqlForFilteringCompanies
FNDA:13,sqlForFilteringJobs
DA:1,9
DA:12,21
DA:13,21
DA:16,18
DA:17,39
DA:20,18
DA:35,10
DA:37,10
DA:39,6
DA:40,6
DA:42,6
DA:43,4
DA:44,4
DA:46,6
DA:47,5
DA:48,5
DA:50,6
DA:51,4
DA:52,4
DA:55,6
DA:70,13
DA:72,13
DA:74,9
DA:75,9
DA:77,9
DA:78,4
DA:79,4
DA:81,9
DA:82,5
DA:83,5
DA:85,9
DA:86,4
DA:88,9
DA:89,3
DA:90,3
DA:93,9
DA:99,9
LF:37
LH:37
BRDA:13,0,0,3
BRDA:13,0,1,18
BRDA:17,1,0,39
BRDA:17,1,1,24
BRDA:37,2,0,4
BRDA:37,2,1,6
BRDA:42,3,0,4
BRDA:42,3,1,2
BRDA:46,4,0,5
BRDA:46,4,1,1
BRDA:50,5,0,4
BRDA:50,5,1,2
BRDA:72,6,0,4
BRDA:72,6,1,9
BRDA:77,7,0,4
BRDA:77,7,1,5
BRDA:81,8,0,5
BRDA:81,8,1,4
BRDA:85,9,0,4
BRDA:85,9,1,5
BRDA:88,10,0,3
BRDA:88,10,1,6
BRF:22
BRH:22
end_of_record
TN:
SF:helpers/tokens.js
FN:6,createToken
FNF:1
FNH:1
FNDA:15,createToken
DA:1,6
DA:2,6
DA:7,15
DA:10,15
DA:15,15
DA:18,6
LF:6
LH:6
BRDA:12,0,0,15
BRDA:12,0,1,9
BRF:2
BRH:2
end_of_record
TN:
SF:middleware/auth.js
FN:18,authenticateJWT
FN:37,ensureLoggedIn
FN:52,ensureCorrectUser
FN:71,ensureAdmin
FN:90,ensureCorrectUserOrAdmin
FNF:5
FNH:5
FNDA:94,authenticateJWT
FNDA:2,ensureLoggedIn
FNDA:5,ensureCorrectUser
FNDA:41,ensureAdmin
FNDA:26,ensureCorrectUserOrAdmin
DA:5,6
DA:6,6
DA:7,6
DA:19,94
DA:20,94
DA:21,94
DA:22,56
DA:23,56
DA:25,93
DA:27,1
DA:38,2
DA:39,2
DA:40,1
DA:42,1
DA:53,5
DA:54,5
DA:55,2
DA:57,2
DA:61,1
DA:72,41
DA:73,41
DA:74,25
DA:76,9
DA:80,7
DA:91,26
DA:92,26
DA:93,17
DA:95,4
DA:99,5
DA:104,6
LF:30
LH:30
BRDA:21,0,0,56
BRDA:21,0,1,38
BRDA:39,1,0,1
BRDA:39,1,1,1
BRDA:54,2,0,2
BRDA:54,2,1,2
BRDA:73,3,0,25
BRDA:73,3,1,9
BRDA:92,4,0,17
BRDA:92,4,1,4
BRDA:92,5,0,26
BRDA:92,5,1,11
BRF:12
BRH:12
end_of_record
TN:
SF:models/_testCommon.js
FN:8,commonBeforeAll
FN:51,commonBeforeEach
FN:55,commonAfterEach
FN:59,commonAfterAll
FNF:4
FNH:4
FNDA:3,commonBeforeAll
FNDA:44,commonBeforeEach
FNDA:44,commonAfterEach
FNDA:3,commonAfterAll
DA:1,3
DA:3,3
DA:4,3
DA:6,3
DA:10,3
DA:12,3
DA:14,3
DA:20,3
DA:29,3
DA:31,3
DA:45,3
DA:52,44
DA:56,44
DA:60,3
DA:64,3
LF:15
LH:15
BRF:0
BRH:0
end_of_record
TN:
SF:models/company.js
FN:19,(anonymous_0)
FN:52,(anonymous_1)
FN:75,(anonymous_2)
FN:105,(anonymous_3)
FN:135,(anonymous_4)
FNF:5
FNH:5
FNDA:16,(anonymous_0)
FNDA:7,(anonymous_1)
FNDA:5,(anonymous_2)
FNDA:6,(anonymous_3)
FNDA:4,(anonymous_4)
DA:3,6
DA:4,6
DA:5,6
DA:20,16
DA:26,16
DA:27,1
DA:29,15
DA:42,15
DA:44,15
DA:53,7
DA:55,7
DA:64,6
DA:76,5
DA:86,5
DA:88,5
DA:90,3
DA:106,6
DA:112,5
DA:114,5
DA:122,5
DA:123,5
DA:125,5
DA:127,3
DA:136,4
DA:142,4
DA:144,4
DA:149,6
LF:27
LH:27
BRDA:26,0,0,1
BRDA:26,0,1,15
BRDA:88,1,0,2
BRDA:88,1,1,3
BRDA:125,2,0,2
BRDA:125,2,1,3
BRDA:144,3,0,2
BRDA:144,3,1,2
BRF:8
BRH:8
end_of_record
TN:
SF:models/job.js
FN:17,(anonymous_0)
FN:35,(anonymous_1)
FN:57,(anonymous_2)
FN:87,(anonymous_3)
FN:112,(anonymous_4)
FNF:5
FNH:5
FNDA:28,(anonymous_0)
FNDA:9,(anonymous_1)
FNDA:4,(anonymous_2)
FNDA:6,(anonymous_3)
FNDA:4,(anonymous_4)
DA:3,6
DA:4,6
DA:5,6
DA:18,28
DA:25,28
DA:27,28
DA:36,9
DA:38,9
DA:47,8
DA:58,4
DA:68,4
DA:70,4
DA:72,2
DA:88,6
DA:89,5
DA:91,5
DA:99,5
DA:100,5
DA:102,5
DA:104,3
DA:113,4
DA:119,4
DA:121,4
DA:127,6
LF:24
LH:24
BRDA:70,0,0,2
BRDA:70,0,1,2
BRDA:102,1,0,2
BRDA:102,1,1,3
BRDA:121,2,0,2
BRDA:121,2,1,2
BRF:6
BRH:6
end_of_record
TN:
SF:models/user.js
FN:24,(anonymous_0)
FN:59,(anonymous_1)
FN:104,(anonymous_2)
FN:126,(anonymous_3)
FN:147,(anonymous_4)
FN:159,(anonymous_5)
FN:200,(anonymous_6)
FN:233,(anonymous_7)
FNF:8
FNH:8
FNDA:7,(anonymous_0)
FNDA:19,(anonymous_1)
FNDA:3,(anonymous_2)
FNDA:5,(anonymous_3)
FNDA:3,(anonymous_4)
FNDA:12,(anonymous_5)
FNDA:8,(anonymous_6)
FNDA:5,(anonymous_7)
DA:3,6
DA:4,6
DA:5,6
DA:10,6
DA:12,6
DA:26,7
DA:38,7
DA:40,7
DA:42,4
DA:43,4
DA:44,3
DA:45,3
DA:49,4
DA:61,19
DA:68,19
DA:69,1
DA:72,18
DA:74,18
DA:94,18
DA:96,18
DA:105,3
DA:115,2
DA:127,5
DA:138,5
DA:140,5
DA:142,3
DA:147,3
DA:149,3
DA:160,12
DA:164,12
DA:166,12
DA:168,10
DA:172,10
DA:174,10
DA:176,8
DA:201,8
DA:202,2
DA:205,8
DA:212,7
DA:214,7
DA:222,7
DA:223,7
DA:225,7
DA:227,5
DA:228,5
DA:234,5
DA:241,5
DA:243,5
DA:248,6
LF:49
LH:49
BRDA:40,0,0,4
BRDA:40,0,1,3
BRDA:43,1,0,3
BRDA:43,1,1,1
BRDA:68,2,0,1
BRDA:68,2,1,18
BRDA:140,3,0,2
BRDA:140,3,1,3
BRDA:166,4,0,2
BRDA:166,4,1,10
BRDA:174,5,0,2
BRDA:174,5,1,8
BRDA:201,6,0,2
BRDA:201,6,1,6
BRDA:225,7,0,2
BRDA:225,7,1,5
BRDA:243,8,0,2
BRDA:243,8,1,3
BRF:18
BRH:18
end_of_record
TN:
SF:routes/_testCommon.js
FN:11,commonBeforeAll
FN:101,commonBeforeEach
FN:105,commonAfterEach
FN:109,commonAfterAll
FNF:4
FNH:4
FNDA:4,commonBeforeAll
FNDA:89,commonBeforeEach
FNDA:89,commonAfterEach
FNDA:4,commonAfterAll
DA:3,4
DA:4,4
DA:5,4
DA:6,4
DA:7,4
DA:9,4
DA:13,4
DA:15,4
DA:17,4
DA:25,4
DA:33,4
DA:42,4
DA:48,4
DA:54,4
DA:60,4
DA:66,4
DA:73,4
DA:81,4
DA:89,4
DA:98,4
DA:102,89
DA:106,89
DA:110,4
DA:114,4
DA:115,4
DA:118,4
LF:26
LH:26
BRF:0
BRH:0
end_of_record
TN:
SF:routes/auth.js
FN:22,(anonymous_0)
FN:26,(anonymous_1)
FN:49,(anonymous_2)
FN:53,(anonymous_3)
FNF:4
FNH:4
FNDA:5,(anonymous_0)
FNDA:2,(anonymous_1)
FNDA:3,(anonymous_2)
FNDA:5,(anonymous_3)
DA:5,5
DA:7,5
DA:8,5
DA:9,5
DA:10,5
DA:11,5
DA:12,5
DA:13,5
DA:22,5
DA:23,5
DA:24,5
DA:25,5
DA:26,2
DA:27,2
DA:30,3
DA:31,3
DA:32,1
DA:33,1
DA:35,4
DA:49,5
DA:50,3
DA:51,3
DA:52,3
DA:53,5
DA:54,2
DA:57,1
DA:58,1
DA:59,1
DA:61,2
DA:66,5
LF:30
LH:30
BRDA:25,0,0,2
BRDA:25,0,1,3
BRDA:52,1,0,2
BRDA:52,1,1,1
BRF:4
BRH:4
end_of_record
TN:
SF:routes/companies.js
FN:28,(anonymous_0)
FN:32,(anonymous_1)
FN:54,(anonymous_2)
FN:63,(anonymous_3)
FN:91,(anonymous_4)
FN:113,(anonymous_5)
FN:117,(anonymous_6)
FN:133,(anonymous_7)
FNF:8
FNH:8
FNDA:3,(anonymous_0)
FNDA:3,(anonymous_1)
FNDA:7,(anonymous_2)
FNDA:8,(anonymous_3)
FNDA:3,(anonymous_4)
FNDA:4,(anonymous_5)
FNDA:2,(anonymous_6)
FNDA:2,(anonymous_7)
DA:5,5
DA:6,5
DA:8,5
DA:9,5
DA:10,5
DA:11,5
DA:13,5
DA:14,5
DA:16,5
DA:28,5
DA:29,3
DA:30,3
DA:31,3
DA:32,3
DA:33,2
DA:36,1
DA:37,1
DA:39,2
DA:54,5
DA:55,7
DA:56,7
DA:57,7
DA:59,7
DA:60,2
DA:63,5
DA:64,8
DA:66,2
DA:69,3
DA:72,1
DA:76,4
DA:77,3
DA:79,4
DA:91,5
DA:92,3
DA:93,3
DA:94,3
DA:95,2
DA:96,2
DA:98,1
DA:113,5
DA:114,4
DA:115,4
DA:116,4
DA:117,2
DA:118,2
DA:121,2
DA:122,1
DA:124,3
DA:133,5
DA:134,2
DA:135,2
DA:136,1
DA:138,1
DA:143,5
LF:54
LH:54
BRDA:31,0,0,2
BRDA:31,0,1,1
BRDA:59,1,0,2
BRDA:59,1,1,5
BRDA:63,2,0,2
BRDA:63,2,1,3
BRDA:64,3,0,8
BRDA:64,3,1,7
BRDA:69,4,0,1
BRDA:69,4,1,2
BRDA:69,5,0,3
BRDA:69,5,1,2
BRDA:69,5,2,2
BRDA:116,6,0,2
BRDA:116,6,1,2
BRF:15
BRH:15
end_of_record
TN:
SF:routes/jobs.js
FN:27,(anonymous_0)
FN:31,(anonymous_1)
FN:53,(anonymous_2)
FN:62,(anonymous_3)
FN:87,(anonymous_4)
FN:107,(anonymous_5)
FN:111,(anonymous_6)
FN:127,(anonymous_7)
FNF:8
FNH:8
FNDA:3,(anonymous_0)
FNDA:2,(anonymous_1)
FNDA:7,(anonymous_2)
FNDA:7,(anonymous_3)
FNDA:2,(anonymous_4)
FNDA:4,(anonymous_5)
FNDA:2,(anonymous_6)
FNDA:2,(anonymous_7)
DA:5,5
DA:6,5
DA:8,5
DA:9,5
DA:10,5
DA:12,5
DA:13,5
DA:15,5
DA:27,5
DA:28,3
DA:29,3
DA:30,3
DA:31,2
DA:32,2
DA:35,1
DA:36,1
DA:38,2
DA:53,5
DA:54,7
DA:55,7
DA:56,7
DA:58,7
DA:59,2
DA:62,5
DA:63,7
DA:65,2
DA:67,3
DA:68,1
DA:73,4
DA:74,3
DA:76,4
DA:87,5
DA:88,2
DA:89,2
DA:90,1
DA:92,1
DA:107,5
DA:108,4
DA:109,4
DA:110,4
DA:111,2
DA:112,2
DA:115,2
DA:116,1
DA:118,3
DA:127,5
DA:128,2
DA:129,2
DA:130,1
DA:132,1
DA:137,5
LF:51
LH:51
BRDA:30,0,0,2
BRDA:30,0,1,1
BRDA:58,1,0,2
BRDA:58,1,1,5
BRDA:62,2,0,2
BRDA:62,2,1,3
BRDA:63,3,0,7
BRDA:63,3,1,6
BRDA:67,4,0,1
BRDA:67,4,1,2
BRDA:67,5,0,3
BRDA:67,5,1,2
BRDA:67,5,2,1
BRDA:110,6,0,2
BRDA:110,6,1,2
BRF:15
BRH:15
end_of_record
TN:
SF:routes/users.js
FN:30,(anonymous_0)
FN:34,(anonymous_1)
FN:54,(anonymous_2)
FN:72,(anonymous_3)
FN:89,(anonymous_4)
FN:115,(anonymous_5)
FN:119,(anonymous_6)
FN:136,(anonymous_7)
FNF:8
FNH:8
FNDA:4,(anonymous_0)
FNDA:5,(anonymous_1)
FNDA:2,(anonymous_2)
FNDA:3,(anonymous_3)
FNDA:5,(anonymous_4)
FNDA:5,(anonymous_5)
FNDA:1,(anonymous_6)
FNDA:3,(anonymous_7)
DA:5,5
DA:7,5
DA:8,5
DA:9,5
DA:10,5
DA:11,5
DA:12,5
DA:13,5
DA:15,5
DA:30,5
DA:31,4
DA:32,4
DA:33,4
DA:34,5
DA:35,2
DA:38,2
DA:39,2
DA:40,2
DA:42,2
DA:54,5
DA:55,2
DA:56,2
DA:57,1
DA:59,1
DA:72,5
DA:73,3
DA:74,3
DA:75,2
DA:77,1
DA:89,5
DA:90,5
DA:91,5
DA:92,5
DA:94,2
DA:96,3
DA:97,1
DA:99,2
DA:115,5
DA:116,5
DA:117,5
DA:118,5
DA:119,1
DA:120,1
DA:123,4
DA:124,3
DA:126,2
DA:136,5
DA:137,3
DA:138,3
DA:139,2
DA:141,1
DA:146,5
LF:52
LH:52
BRDA:33,0,0,2
BRDA:33,0,1,2
BRDA:96,1,0,1
BRDA:96,1,1,2
BRDA:118,2,0,1
BRDA:118,2,1,4
BRF:6
BRH:6
end_of_record
